02/24/2023 20:34:13 - INFO - __main__ - Model: dmis-lab/biobert-v1.1
02/24/2023 20:34:18 - INFO - data - *** Example ***
02/24/2023 20:34:18 - INFO - data - tokens: [CLS] T ##raj ##ector ##y patterns for continuous metabolic syndrome score in childhood and the card ##iovascular risk in ad ##ole ##scence . [SEP] We explored the association between the trajectory of the continuous metabolic syndrome score ( c ##M ##et ##S ) in childhood with high - sensitivity C - reactive protein ( h ##s - CR ##P ) and car ##ot ##id in ##ti ##ma - media thickness ( C ##IM ##T ) , which are known to increase card ##iovascular disease risk in ad ##ole ##scence . The trajectory of c ##M ##et ##S in childhood ( from 3 to 12 \ x ##a ##0 ##ye ##ars of age ) was identified in 83 ##3 children who participated in the E ##w ##ha Birth and Growth Study . The associations between c ##M ##et ##S and h ##s - CR ##P and C ##IM ##T were analyzed in 204 out of 83 ##3 children who participated in the follow - up at 13 - 15 \ x ##a ##0 ##ye ##ars of age and measured h ##s - CR ##P and C ##IM ##T . Among the 83 ##3 children , three groups were classified : c ##M ##et ##S maintained at a low level ( n \ u ##20 ##0 ##9 = \ u ##20 ##0 ##9 ##19 ##8 , 23 . 77 % ) , middle level ( n \ u ##20 ##0 ##9 = \ u ##20 ##0 ##9 ##53 ##0 , 63 . 63 % ) , and at high levels ( n \ u ##20 ##0 ##9 = \ u ##20 ##0 ##9 ##10 ##5 , 12 . 61 % ) . The group with a stable - high c ##M ##et ##S trajectory showed significantly higher h ##s - CR ##P levels , and the statistical significance was maintained after adjusting for co ##var ##iate ##s . This study found that a consistently high c ##M ##et ##S in childhood was significantly associated with higher h ##s - CR ##P levels in adolescent ##s , suggesting that it is necessary to intervene in metabolic risk factors early in life to reduce the risk of card ##iovascular disease later in life . [SEP]
02/24/2023 20:34:18 - INFO - data - input_ids: 101 157 18663 20302 1183 6692 1111 6803 25158 9318 2794 1107 5153 1105 1103 3621 25575 3187 1107 8050 9016 16353 119 102 1284 10581 1103 3852 1206 1103 25882 1104 1103 6803 25158 9318 2794 113 172 2107 2105 1708 114 1107 5153 1114 1344 118 15750 140 118 26844 4592 113 177 1116 118 15531 2101 114 1105 1610 3329 2386 1107 3121 1918 118 2394 15830 113 140 13371 1942 114 117 1134 1132 1227 1106 2773 3621 25575 3653 3187 1107 8050 9016 16353 119 1109 25882 1104 172 2107 2105 1708 1107 5153 113 1121 124 1106 1367 165 193 1161 1568 4980 7666 1104 1425 114 1108 3626 1107 6032 1495 1482 1150 3360 1107 1103 142 2246 2328 20729 1105 20227 8690 119 1109 9815 1206 172 2107 2105 1708 1105 177 1116 118 15531 2101 1105 140 13371 1942 1127 17689 1107 21355 1149 1104 6032 1495 1482 1150 3360 1107 1103 2812 118 1146 1120 1492 118 1405 165 193 1161 1568 4980 7666 1104 1425 1105 7140 177 1116 118 15531 2101 1105 140 13371 1942 119 3841 1103 6032 1495 1482 117 1210 2114 1127 5667 131 172 2107 2105 1708 4441 1120 170 1822 1634 113 183 165 190 10973 1568 1580 134 165 190 10973 1568 1580 16382 1604 117 1695 119 5581 110 114 117 2243 1634 113 183 165 190 10973 1568 1580 134 165 190 10973 1568 1580 24239 1568 117 5519 119 5519 110 114 117 1105 1120 1344 3001 113 183 165 190 10973 1568 1580 134 165 190 10973 1568 1580 10424 1571 117 1367 119 5391 110 114 119 1109 1372 1114 170 6111 118 1344 172 2107 2105 1708 25882 2799 5409 2299 177 1116 118 15531 2101 3001 117 1105 1103 11435 7467 1108 4441 1170 21763 1111 1884 8997 15045 1116 119 1188 2025 1276 1115 170 10887 1344 172 2107 2105 1708 1107 5153 1108 5409 2628 1114 2299 177 1116 118 15531 2101 3001 1107 25506 1116 117 8783 1115 1122 1110 3238 1106 20406 1107 25158 3187 5320 1346 1107 1297 1106 4851 1103 3187 1104 3621 25575 3653 1224 1107 1297 119 102 0 0 0 0 0 0 0 0 0 0 0 0 0 0 0 0 0 0 0 0 0 0 0 0 0 0 0 0 0 0 0 0 0 0 0 0 0 0 0 0 0 0 0 0 0 0 0 0 0 0 0 0 0 0 0 0 0 0 0 0 0 0 0 0 0 0 0 0 0 0 0 0 0 0 0 0 0 0 0 0 0 0 0 0 0 0 0 0 0 0 0 0 0 0 0 0 0 0 0 0 0 0 0 0 0 0 0 0 0 0 0 0 0 0 0 0 0 0 0 0 0 0 0 0 0 0 0 0 0 0 0 0 0 0 0 0 0 0 0 0 0
02/24/2023 20:34:18 - INFO - data - input_mask: 1 1 1 1 1 1 1 1 1 1 1 1 1 1 1 1 1 1 1 1 1 1 1 1 1 1 1 1 1 1 1 1 1 1 1 1 1 1 1 1 1 1 1 1 1 1 1 1 1 1 1 1 1 1 1 1 1 1 1 1 1 1 1 1 1 1 1 1 1 1 1 1 1 1 1 1 1 1 1 1 1 1 1 1 1 1 1 1 1 1 1 1 1 1 1 1 1 1 1 1 1 1 1 1 1 1 1 1 1 1 1 1 1 1 1 1 1 1 1 1 1 1 1 1 1 1 1 1 1 1 1 1 1 1 1 1 1 1 1 1 1 1 1 1 1 1 1 1 1 1 1 1 1 1 1 1 1 1 1 1 1 1 1 1 1 1 1 1 1 1 1 1 1 1 1 1 1 1 1 1 1 1 1 1 1 1 1 1 1 1 1 1 1 1 1 1 1 1 1 1 1 1 1 1 1 1 1 1 1 1 1 1 1 1 1 1 1 1 1 1 1 1 1 1 1 1 1 1 1 1 1 1 1 1 1 1 1 1 1 1 1 1 1 1 1 1 1 1 1 1 1 1 1 1 1 1 1 1 1 1 1 1 1 1 1 1 1 1 1 1 1 1 1 1 1 1 1 1 1 1 1 1 1 1 1 1 1 1 1 1 1 1 1 1 1 1 1 1 1 1 1 1 1 1 1 1 1 1 1 1 1 1 1 1 1 1 1 1 1 1 1 1 1 1 1 1 1 1 1 1 1 1 1 1 1 1 1 1 1 1 1 1 1 1 1 1 1 1 1 1 1 1 1 1 1 1 1 1 1 1 1 1 1 1 1 1 1 1 1 1 1 0 0 0 0 0 0 0 0 0 0 0 0 0 0 0 0 0 0 0 0 0 0 0 0 0 0 0 0 0 0 0 0 0 0 0 0 0 0 0 0 0 0 0 0 0 0 0 0 0 0 0 0 0 0 0 0 0 0 0 0 0 0 0 0 0 0 0 0 0 0 0 0 0 0 0 0 0 0 0 0 0 0 0 0 0 0 0 0 0 0 0 0 0 0 0 0 0 0 0 0 0 0 0 0 0 0 0 0 0 0 0 0 0 0 0 0 0 0 0 0 0 0 0 0 0 0 0 0 0 0 0 0 0 0 0 0 0 0 0 0 0
02/24/2023 20:34:18 - INFO - data - segment_ids: 0 0 0 0 0 0 0 0 0 0 0 0 0 0 0 0 0 0 0 0 0 0 0 1 1 1 1 1 1 1 1 1 1 1 1 1 1 1 1 1 1 1 1 1 1 1 1 1 1 1 1 1 1 1 1 1 1 1 1 1 1 1 1 1 1 1 1 1 1 1 1 1 1 1 1 1 1 1 1 1 1 1 1 1 1 1 1 1 1 1 1 1 1 1 1 1 1 1 1 1 1 1 1 1 1 1 1 1 1 1 1 1 1 1 1 1 1 1 1 1 1 1 1 1 1 1 1 1 1 1 1 1 1 1 1 1 1 1 1 1 1 1 1 1 1 1 1 1 1 1 1 1 1 1 1 1 1 1 1 1 1 1 1 1 1 1 1 1 1 1 1 1 1 1 1 1 1 1 1 1 1 1 1 1 1 1 1 1 1 1 1 1 1 1 1 1 1 1 1 1 1 1 1 1 1 1 1 1 1 1 1 1 1 1 1 1 1 1 1 1 1 1 1 1 1 1 1 1 1 1 1 1 1 1 1 1 1 1 1 1 1 1 1 1 1 1 1 1 1 1 1 1 1 1 1 1 1 1 1 1 1 1 1 1 1 1 1 1 1 1 1 1 1 1 1 1 1 1 1 1 1 1 1 1 1 1 1 1 1 1 1 1 1 1 1 1 1 1 1 1 1 1 1 1 1 1 1 1 1 1 1 1 1 1 1 1 1 1 1 1 1 1 1 1 1 1 1 1 1 1 1 1 1 1 1 1 1 1 1 1 1 1 1 1 1 1 1 1 1 1 1 1 1 1 1 1 1 1 1 1 1 1 1 1 1 1 1 1 1 1 1 0 0 0 0 0 0 0 0 0 0 0 0 0 0 0 0 0 0 0 0 0 0 0 0 0 0 0 0 0 0 0 0 0 0 0 0 0 0 0 0 0 0 0 0 0 0 0 0 0 0 0 0 0 0 0 0 0 0 0 0 0 0 0 0 0 0 0 0 0 0 0 0 0 0 0 0 0 0 0 0 0 0 0 0 0 0 0 0 0 0 0 0 0 0 0 0 0 0 0 0 0 0 0 0 0 0 0 0 0 0 0 0 0 0 0 0 0 0 0 0 0 0 0 0 0 0 0 0 0 0 0 0 0 0 0 0 0 0 0 0 0
02/24/2023 20:34:18 - INFO - data - label: diabetes (id = 1)
02/24/2023 20:34:18 - INFO - data - *** Example ***
02/24/2023 20:34:18 - INFO - data - tokens: [CLS] Co ##mp ##aris ##on of Four Ultra ##son ##ography - Based Risk St ##rat ##ification Systems in T ##hy ##roid No ##du ##les with Non ##dia ##gno ##stic / Un ##sat ##is ##fa ##ctor ##y Cy ##tology : A Real - World Study . [SEP] We compared American T ##hy ##roid Association ( AT ##A ) guidelines , Korean ( K ) - T ##hy ##roid I ##maging , Report ##ing and Data Systems ( T ##IR ##AD ##S ) , EU - T ##IR ##AD ##S , and American College of Radio ##logy ( AC ##R ) T ##IR ##AD ##S in di ##ag ##nos ##ing ma ##li ##gna ##ncy for thy ##roid nod ##ules with non ##dia ##gno ##stic / un ##sat ##is ##fa ##ctor ##y c ##yt ##ology . Among 114 ##3 non ##dia ##gno ##stic / un ##sat ##is ##fa ##ctor ##y aspirations from April 2011 to March 2016 , ma ##li ##gna ##ncy was detected in 39 of 89 ex ##cise ##d nod ##ules . The minimum ma ##li ##gna ##ncy rate was 7 . 82 % in EU - T ##IR ##AD ##S 5 and 1 . 87 - 3 . 00 % in EU - T ##IR ##AD ##S 3 - 4 . In the other systems , the minimum ma ##li ##gna ##ncy rate was 14 . 29 - 16 . 19 % in category 5 and ≤ ##3 % in the remaining categories . Although the EU - T ##IR ##AD ##S category ≥ 5 exhibited the highest positive likelihood ratio ( L ##R ) of only 2 . 214 , category ≥ 5 in the other systems yielded the highest positive L ##R of > 5 . Re ##ceive ##r operating characteristic ( R ##OC ) curves of all systems to predict ma ##li ##gna ##ncy were located statistical ##ly above the diagonal non ##dis ##c ##rim ##ination line ( P for R ##OC curve : EU - T ##IR ##AD ##S , 0 . 00 ##22 ; all others , 0 . 000 ##1 ) . The areas under the R ##OC curve ( AU ##Cs ) were not significantly different among the four systems . The AT ##A guidelines , K - T ##IR ##AD ##S , and AC ##R T ##IR ##AD ##S may be useful to guide management for non ##dia ##gno ##stic / un ##sat ##is ##fa ##ctor ##y nod ##ules . The EU - T ##IR ##AD ##S , although also useful , exhibited inferior performance in predict ##ing ma ##li ##gna ##ncy for non ##dia ##gno ##stic / un ##sat ##is ##fa ##ctor ##y nod ##ules in Korea , an i ##od ##ine - sufficient area . [SEP]
02/24/2023 20:34:18 - INFO - data - input_ids: 101 3291 8223 26464 1320 1104 3396 17781 2142 9543 118 7457 19547 1457 7625 5783 6475 1107 157 7889 16219 1302 7641 2897 1114 7922 7168 25566 5668 120 12118 28027 1548 8057 9363 1183 27688 25333 131 138 5230 118 1291 8690 119 102 1284 3402 1237 157 7889 16219 1791 113 13020 1592 114 13112 117 3947 113 148 114 118 157 7889 16219 146 26772 117 7178 1158 1105 7154 6475 113 157 18172 14569 1708 114 117 7270 118 157 18172 14569 1708 117 1105 1237 1531 1104 2664 6360 113 9690 2069 114 157 18172 14569 1708 1107 4267 8517 14226 1158 12477 2646 12149 7232 1111 21153 16219 6873 11806 1114 1664 7168 25566 5668 120 8362 28027 1548 8057 9363 1183 172 25669 4807 119 3841 12620 1495 1664 7168 25566 5668 120 8362 28027 1548 8057 9363 1183 25946 1121 1364 1349 1106 1345 1446 117 12477 2646 12149 7232 1108 11168 1107 3614 1104 5840 4252 14636 1181 6873 11806 119 1109 5867 12477 2646 12149 7232 2603 1108 128 119 5787 110 1107 7270 118 157 18172 14569 1708 126 1105 122 119 5966 118 124 119 3135 110 1107 7270 118 157 18172 14569 1708 124 118 125 119 1130 1103 1168 2344 117 1103 5867 12477 2646 12149 7232 2603 1108 1489 119 1853 118 1479 119 1627 110 1107 4370 126 1105 863 1495 110 1107 1103 2735 6788 119 1966 1103 7270 118 157 18172 14569 1708 4370 864 126 7799 1103 2439 3112 17843 6022 113 149 2069 114 1104 1178 123 119 21692 117 4370 864 126 1107 1103 1168 2344 18826 1103 2439 3112 149 2069 1104 135 126 119 11336 23566 1197 3389 7987 113 155 9244 114 10642 1104 1155 2344 1106 17163 12477 2646 12149 7232 1127 1388 11435 1193 1807 1103 22698 1664 10396 1665 10205 9400 1413 113 153 1111 155 9244 7660 131 7270 118 157 18172 14569 1708 117 121 119 3135 20581 132 1155 1639 117 121 119 1288 1475 114 119 1109 1877 1223 1103 155 9244 7660 113 21646 18363 114 1127 1136 5409 1472 1621 1103 1300 2344 119 1109 13020 1592 13112 117 148 118 157 18172 14569 1708 117 1105 9690 2069 157 18172 14569 1708 1336 1129 5616 1106 6388 2635 1111 1664 7168 25566 5668 120 8362 28027 1548 8057 9363 1183 6873 11806 119 1109 7270 118 157 18172 14569 1708 117 1780 1145 5616 117 7799 15543 2099 1107 17163 1158 12477 2646 12149 7232 1111 1664 7168 25566 5668 120 8362 28027 1548 8057 9363 1183 6873 11806 1107 3577 117 1126 178 5412 2042 118 6664 1298 119 102 0 0 0 0 0 0 0 0 0 0 0 0 0 0 0 0 0 0 0 0 0 0 0 0 0 0 0 0 0 0 0 0 0 0 0 0 0 0 0 0 0 0 0 0 0 0 0 0 0 0 0 0 0 0 0 0
02/24/2023 20:34:18 - INFO - data - input_mask: 1 1 1 1 1 1 1 1 1 1 1 1 1 1 1 1 1 1 1 1 1 1 1 1 1 1 1 1 1 1 1 1 1 1 1 1 1 1 1 1 1 1 1 1 1 1 1 1 1 1 1 1 1 1 1 1 1 1 1 1 1 1 1 1 1 1 1 1 1 1 1 1 1 1 1 1 1 1 1 1 1 1 1 1 1 1 1 1 1 1 1 1 1 1 1 1 1 1 1 1 1 1 1 1 1 1 1 1 1 1 1 1 1 1 1 1 1 1 1 1 1 1 1 1 1 1 1 1 1 1 1 1 1 1 1 1 1 1 1 1 1 1 1 1 1 1 1 1 1 1 1 1 1 1 1 1 1 1 1 1 1 1 1 1 1 1 1 1 1 1 1 1 1 1 1 1 1 1 1 1 1 1 1 1 1 1 1 1 1 1 1 1 1 1 1 1 1 1 1 1 1 1 1 1 1 1 1 1 1 1 1 1 1 1 1 1 1 1 1 1 1 1 1 1 1 1 1 1 1 1 1 1 1 1 1 1 1 1 1 1 1 1 1 1 1 1 1 1 1 1 1 1 1 1 1 1 1 1 1 1 1 1 1 1 1 1 1 1 1 1 1 1 1 1 1 1 1 1 1 1 1 1 1 1 1 1 1 1 1 1 1 1 1 1 1 1 1 1 1 1 1 1 1 1 1 1 1 1 1 1 1 1 1 1 1 1 1 1 1 1 1 1 1 1 1 1 1 1 1 1 1 1 1 1 1 1 1 1 1 1 1 1 1 1 1 1 1 1 1 1 1 1 1 1 1 1 1 1 1 1 1 1 1 1 1 1 1 1 1 1 1 1 1 1 1 1 1 1 1 1 1 1 1 1 1 1 1 1 1 1 1 1 1 1 1 1 1 1 1 1 1 1 1 1 1 1 1 1 1 1 1 1 1 1 1 1 1 1 1 1 1 1 1 1 1 1 1 1 1 1 1 1 1 1 1 1 1 1 1 1 1 1 1 1 1 1 1 1 1 1 1 1 1 1 1 1 0 0 0 0 0 0 0 0 0 0 0 0 0 0 0 0 0 0 0 0 0 0 0 0 0 0 0 0 0 0 0 0 0 0 0 0 0 0 0 0 0 0 0 0 0 0 0 0 0 0 0 0 0 0 0 0
02/24/2023 20:34:18 - INFO - data - segment_ids: 0 0 0 0 0 0 0 0 0 0 0 0 0 0 0 0 0 0 0 0 0 0 0 0 0 0 0 0 0 0 0 0 0 0 0 0 0 0 0 0 0 0 0 0 0 1 1 1 1 1 1 1 1 1 1 1 1 1 1 1 1 1 1 1 1 1 1 1 1 1 1 1 1 1 1 1 1 1 1 1 1 1 1 1 1 1 1 1 1 1 1 1 1 1 1 1 1 1 1 1 1 1 1 1 1 1 1 1 1 1 1 1 1 1 1 1 1 1 1 1 1 1 1 1 1 1 1 1 1 1 1 1 1 1 1 1 1 1 1 1 1 1 1 1 1 1 1 1 1 1 1 1 1 1 1 1 1 1 1 1 1 1 1 1 1 1 1 1 1 1 1 1 1 1 1 1 1 1 1 1 1 1 1 1 1 1 1 1 1 1 1 1 1 1 1 1 1 1 1 1 1 1 1 1 1 1 1 1 1 1 1 1 1 1 1 1 1 1 1 1 1 1 1 1 1 1 1 1 1 1 1 1 1 1 1 1 1 1 1 1 1 1 1 1 1 1 1 1 1 1 1 1 1 1 1 1 1 1 1 1 1 1 1 1 1 1 1 1 1 1 1 1 1 1 1 1 1 1 1 1 1 1 1 1 1 1 1 1 1 1 1 1 1 1 1 1 1 1 1 1 1 1 1 1 1 1 1 1 1 1 1 1 1 1 1 1 1 1 1 1 1 1 1 1 1 1 1 1 1 1 1 1 1 1 1 1 1 1 1 1 1 1 1 1 1 1 1 1 1 1 1 1 1 1 1 1 1 1 1 1 1 1 1 1 1 1 1 1 1 1 1 1 1 1 1 1 1 1 1 1 1 1 1 1 1 1 1 1 1 1 1 1 1 1 1 1 1 1 1 1 1 1 1 1 1 1 1 1 1 1 1 1 1 1 1 1 1 1 1 1 1 1 1 1 1 1 1 1 1 1 1 1 1 1 1 1 1 1 1 1 1 1 1 1 1 1 1 1 1 1 1 1 1 1 1 1 0 0 0 0 0 0 0 0 0 0 0 0 0 0 0 0 0 0 0 0 0 0 0 0 0 0 0 0 0 0 0 0 0 0 0 0 0 0 0 0 0 0 0 0 0 0 0 0 0 0 0 0 0 0 0 0
02/24/2023 20:34:18 - INFO - data - label: thyroid (id = 4)
02/24/2023 20:34:26 - INFO - __main__ - Label Encoding: ['bone' 'diabetes' 'others' 'pitu/adrenal' 'thyroid' 'x']-->[0 1 2 3 4 5]
02/24/2023 20:34:30 - INFO - data - *** Example ***
02/24/2023 20:34:30 - INFO - data - tokens: [CLS] Changes in Tri ##met ##hyl ##amine - N - oxide Level ##s in O ##bes ##e Pat ##ients following La ##par ##os ##copic R ##oux - en - Y Gas ##tric By ##pass or S ##lee ##ve Gas ##tre ##ct ##omy in a Korean O ##besity Sur ##gical Treatment Study ( K ##O ##BE ##SS ) . [SEP] r ##dered ##D ##ict ( [ ( ' su ##p ' , [ ' 2 ' , ' 2 ' ] ) , ( ' # text ' , ' Tri ##met ##hyl ##amine N - oxide ( T ##MA ##O ) , a gut micro ##be - dependent meta ##bol ##ite , has been implicated as a novel risk factor for card ##iovascular events related to o ##besity and type 2 diabetes me ##lli ##tus ( T ##2 ##DM ) . The aim of the study was to test the hypothesis if T ##MA ##O is associated with the reduction of card ##iovascular disease in the Korean o ##bes ##e patients who underwent bar ##ia ##tric surgery . From a subgroup of a multi ##cent ##er , non ##rand ##omi ##zed , controlled trial , titled K ##O ##BE ##SS , 38 o ##bes ##e patients , 18 with and 20 without T ##2 ##DM , who underwent R ##oux - en - Y gas ##tric bypass ( R ##Y ##GB ) or sleeve gas ##tre ##ct ##omy ( S ##G ) were investigated . Bari ##at ##ric surgery is indicated for Korean patients with a body mass index ( B ##MI ) ≥ 35 kg / m or for Korean patients with a B ##MI ≥ 30 kg / m who have com ##or ##bid ##ities . Ser ##um levels of T ##MA ##O and its precursor ##s , beta ##ine , car ##ni ##tine , and ch ##olin ##e were measured before and six months after bar ##ia ##tric surgery . The levels of T ##MA ##O and its precursor ##s did not differ between o ##bes ##e patients with T ##2 ##DM and non - T ##2 ##DM at base ##line . However , T ##MA ##O increased more than two ##fold in patients with T ##2 ##DM after R ##Y ##GB surgery , but not in patients without T ##2 ##DM . Cho ##line levels were decreased by half in all patients after R ##Y ##GB . In patients with T ##2 ##DM who underwent S ##G , T ##MA ##O , beta ##ine , and car ##ni ##tine levels did not change after the surgery . Furthermore , in o ##bes ##e patients who underwent bar ##ia ##tric surgery , increased T ##MA ##O levels were associated with both T ##2 ##DM and R ##Y ##GB , while reduced ch ##olin ##e levels were associated with R ##Y ##GB . These associations need to be further el ##uc ##idated in follow - up studies to gain further insights into the relationship between T ##MA ##O levels and bar ##ia ##tric surgery outcomes . ' ) ] [SEP]
02/24/2023 20:34:30 - INFO - data - input_ids: 101 21395 1107 18491 11006 18873 19577 118 151 118 17151 9583 1116 1107 152 12866 1162 7195 24767 1378 2001 17482 2155 22258 155 24060 118 4035 118 162 12384 11048 1650 11229 1137 156 6894 2707 12384 7877 5822 18574 1107 170 3947 152 27655 17078 20851 19165 8690 113 148 2346 27211 12480 114 119 102 187 26788 2137 17882 113 164 113 112 28117 1643 112 117 164 112 123 112 117 112 123 112 166 114 117 113 112 108 3087 112 117 112 18491 11006 18873 19577 151 118 17151 113 157 8271 2346 114 117 170 9691 17599 3962 118 7449 27154 15792 3150 117 1144 1151 22512 1112 170 2281 3187 5318 1111 3621 25575 1958 2272 1106 184 27655 1105 2076 123 17972 1143 6473 4814 113 157 1477 20002 114 119 1109 6457 1104 1103 2025 1108 1106 2774 1103 11066 1191 157 8271 2346 1110 2628 1114 1103 7234 1104 3621 25575 3653 1107 1103 3947 184 12866 1162 4420 1150 9315 2927 1465 11048 6059 119 1622 170 23470 1104 170 4321 8298 1200 117 1664 13141 18882 5305 117 4013 3443 117 3334 148 2346 27211 12480 117 3383 184 12866 1162 4420 117 1407 1114 1105 1406 1443 157 1477 20002 117 1150 9315 155 24060 118 4035 118 162 3245 11048 13981 113 155 3663 13745 114 1137 10445 3245 7877 5822 18574 113 156 2349 114 1127 10788 119 25788 2980 4907 6059 1110 4668 1111 3947 4420 1114 170 1404 3367 7448 113 139 14038 114 864 2588 4023 120 182 1137 1111 3947 4420 1114 170 139 14038 864 1476 4023 120 182 1150 1138 3254 1766 14598 4233 119 19536 1818 3001 1104 157 8271 2346 1105 1157 15985 1116 117 11933 2042 117 1610 2605 12569 117 1105 22572 27719 1162 1127 7140 1196 1105 1565 1808 1170 2927 1465 11048 6059 119 1109 3001 1104 157 8271 2346 1105 1157 15985 1116 1225 1136 11271 1206 184 12866 1162 4420 1114 157 1477 20002 1105 1664 118 157 1477 20002 1120 2259 2568 119 1438 117 157 8271 2346 2569 1167 1190 1160 10787 1107 4420 1114 157 1477 20002 1170 155 3663 13745 6059 117 1133 1136 1107 4420 1443 157 1477 20002 119 22964 2568 3001 1127 10558 1118 1544 1107 1155 4420 1170 155 3663 13745 119 1130 4420 1114 157 1477 20002 1150 9315 156 2349 117 157 8271 2346 117 11933 2042 117 1105 1610 2605 12569 3001 1225 1136 1849 1170 1103 6059 119 7282 117 1107 184 12866 1162 4420 1150 9315 2927 1465 11048 6059 117 2569 157 8271 2346 3001 1127 2628 1114 1241 157 1477 20002 1105 155 3663 13745 117 1229 3549 22572 27719 1162 3001 1127 2628 1114 155 3663 13745 119 1636 9815 1444 1106 1129 1748 8468 21977 27893 1107 2812 118 1146 2527 1106 4361 1748 24180 1154 1103 2398 1206 157 8271 2346 3001 1105 2927 1465 11048 6059 13950 119 112 114 166 102
02/24/2023 20:34:30 - INFO - data - input_mask: 1 1 1 1 1 1 1 1 1 1 1 1 1 1 1 1 1 1 1 1 1 1 1 1 1 1 1 1 1 1 1 1 1 1 1 1 1 1 1 1 1 1 1 1 1 1 1 1 1 1 1 1 1 1 1 1 1 1 1 1 1 1 1 1 1 1 1 1 1 1 1 1 1 1 1 1 1 1 1 1 1 1 1 1 1 1 1 1 1 1 1 1 1 1 1 1 1 1 1 1 1 1 1 1 1 1 1 1 1 1 1 1 1 1 1 1 1 1 1 1 1 1 1 1 1 1 1 1 1 1 1 1 1 1 1 1 1 1 1 1 1 1 1 1 1 1 1 1 1 1 1 1 1 1 1 1 1 1 1 1 1 1 1 1 1 1 1 1 1 1 1 1 1 1 1 1 1 1 1 1 1 1 1 1 1 1 1 1 1 1 1 1 1 1 1 1 1 1 1 1 1 1 1 1 1 1 1 1 1 1 1 1 1 1 1 1 1 1 1 1 1 1 1 1 1 1 1 1 1 1 1 1 1 1 1 1 1 1 1 1 1 1 1 1 1 1 1 1 1 1 1 1 1 1 1 1 1 1 1 1 1 1 1 1 1 1 1 1 1 1 1 1 1 1 1 1 1 1 1 1 1 1 1 1 1 1 1 1 1 1 1 1 1 1 1 1 1 1 1 1 1 1 1 1 1 1 1 1 1 1 1 1 1 1 1 1 1 1 1 1 1 1 1 1 1 1 1 1 1 1 1 1 1 1 1 1 1 1 1 1 1 1 1 1 1 1 1 1 1 1 1 1 1 1 1 1 1 1 1 1 1 1 1 1 1 1 1 1 1 1 1 1 1 1 1 1 1 1 1 1 1 1 1 1 1 1 1 1 1 1 1 1 1 1 1 1 1 1 1 1 1 1 1 1 1 1 1 1 1 1 1 1 1 1 1 1 1 1 1 1 1 1 1 1 1 1 1 1 1 1 1 1 1 1 1 1 1 1 1 1 1 1 1 1 1 1 1 1 1 1 1 1 1 1 1 1 1 1 1 1 1 1 1 1 1 1 1 1 1 1 1 1 1 1 1 1 1 1 1 1 1 1 1 1 1 1 1 1 1 1 1 1 1 1 1 1 1 1 1 1 1 1 1 1 1 1 1 1 1 1 1 1
02/24/2023 20:34:30 - INFO - data - segment_ids: 0 0 0 0 0 0 0 0 0 0 0 0 0 0 0 0 0 0 0 0 0 0 0 0 0 0 0 0 0 0 0 0 0 0 0 0 0 0 0 0 0 0 0 0 0 0 0 0 0 0 0 0 0 0 0 0 0 0 1 1 1 1 1 1 1 1 1 1 1 1 1 1 1 1 1 1 1 1 1 1 1 1 1 1 1 1 1 1 1 1 1 1 1 1 1 1 1 1 1 1 1 1 1 1 1 1 1 1 1 1 1 1 1 1 1 1 1 1 1 1 1 1 1 1 1 1 1 1 1 1 1 1 1 1 1 1 1 1 1 1 1 1 1 1 1 1 1 1 1 1 1 1 1 1 1 1 1 1 1 1 1 1 1 1 1 1 1 1 1 1 1 1 1 1 1 1 1 1 1 1 1 1 1 1 1 1 1 1 1 1 1 1 1 1 1 1 1 1 1 1 1 1 1 1 1 1 1 1 1 1 1 1 1 1 1 1 1 1 1 1 1 1 1 1 1 1 1 1 1 1 1 1 1 1 1 1 1 1 1 1 1 1 1 1 1 1 1 1 1 1 1 1 1 1 1 1 1 1 1 1 1 1 1 1 1 1 1 1 1 1 1 1 1 1 1 1 1 1 1 1 1 1 1 1 1 1 1 1 1 1 1 1 1 1 1 1 1 1 1 1 1 1 1 1 1 1 1 1 1 1 1 1 1 1 1 1 1 1 1 1 1 1 1 1 1 1 1 1 1 1 1 1 1 1 1 1 1 1 1 1 1 1 1 1 1 1 1 1 1 1 1 1 1 1 1 1 1 1 1 1 1 1 1 1 1 1 1 1 1 1 1 1 1 1 1 1 1 1 1 1 1 1 1 1 1 1 1 1 1 1 1 1 1 1 1 1 1 1 1 1 1 1 1 1 1 1 1 1 1 1 1 1 1 1 1 1 1 1 1 1 1 1 1 1 1 1 1 1 1 1 1 1 1 1 1 1 1 1 1 1 1 1 1 1 1 1 1 1 1 1 1 1 1 1 1 1 1 1 1 1 1 1 1 1 1 1 1 1 1 1 1 1 1 1 1 1 1 1 1 1 1 1 1 1 1 1 1 1 1 1 1 1 1 1 1 1 1 1 1 1 1 1 1 1 1 1 1 1 1 1 1 1
02/24/2023 20:34:30 - INFO - data - label: diabetes (id = 1)
02/24/2023 20:34:30 - INFO - data - *** Example ***
02/24/2023 20:34:30 - INFO - data - tokens: [CLS] The Role of Z ##NF ##14 ##3 in B ##rea ##st Cancer Cell Survival Through the N ##AD ( P ) H Q ##uin ##one De ##hy ##dr ##ogen ##ase 1 ? [UNK] ? [UNK] Axis Under Met ##ab ##olic St ##ress . [SEP] Auto ##pha ##gy is a cellular process that disrupt ##s and uses unnecessary or ma ##lf ##un ##ction ##ing components for cellular home ##ost ##asis . Evidence has shown a role for auto ##pha ##gy in tumor cell survival , but the molecular de ##ter ##mina ##nts that define sensitivity against auto ##pha ##gic regulation in cancer ##s are not clear . Important ##ly , we found that breast cancer cells with low expression levels of a zinc - finger protein , Z ##NF ##14 ##3 ( MC ##F ##7 s ##h - Z ##NF ##14 ##3 ) , showed better survival than control cells ( MC ##F ##7 s ##h - Control ) under starvation , which was compromised with ch ##lor ##o ##quin ##e , an auto ##pha ##gy inhibitor . In addition , there were more auto ##pha ##gic ve ##si ##cles in MC ##F ##7 s ##h - Z ##NF ##14 ##3 cells than in MC ##F ##7 s ##h - Control cells , and proteins related with the auto ##pha ##gic process , such as Be ##c ##lin ##1 , p ##6 ##2 , and AT ##G ##s , were altered in cells with less Z ##NF ##14 ##3 . Z ##NF ##14 ##3 knock ##down affected the stability of p ##53 , which showed a dependence on MG ##13 ##2 , a pro ##te ##as ##ome inhibitor . Data from pro ##te ##ome pro ##fi ##ling in breast cancer cells with less Z ##NF ##14 ##3 suggest a role of N ##AD ( P ) H q ##uin ##one de ##hy ##dr ##ogen ##ase 1 ( N ##Q ##O ##1 ) for p ##53 stability . Take ##n together , we showed that a subset of breast cancer cells with low expression of Z ##NF ##14 ##3 might exhibit better survival via an auto ##pha ##gic process by regulating the p ##53 ##⁻ ##B ##ec ##lin ##1 axis , co ##rro ##bor ##ating the necessity of blocking auto ##pha ##gy for the best therapy . [SEP]
02/24/2023 20:34:30 - INFO - data - input_ids: 101 1109 17094 1104 163 28047 17175 1495 1107 139 11811 2050 11558 17369 26849 4737 1103 151 14569 113 153 114 145 154 14846 4798 3177 7889 23632 19790 6530 122 136 100 136 100 17831 2831 19415 6639 14987 1457 7370 119 102 12983 20695 4873 1110 170 14391 1965 1115 26499 1116 1105 2745 14924 1137 12477 9654 3488 5796 1158 5644 1111 14391 1313 15540 14229 119 16573 1144 2602 170 1648 1111 12365 20695 4873 1107 14601 2765 8115 117 1133 1103 9546 1260 2083 14503 5240 1115 9410 15750 1222 12365 20695 11007 8585 1107 4182 1116 1132 1136 2330 119 21991 1193 117 1195 1276 1115 7209 4182 3652 1114 1822 2838 3001 1104 170 19159 118 3602 4592 117 163 28047 17175 1495 113 12029 2271 1559 188 1324 118 163 28047 17175 1495 114 117 2799 1618 8115 1190 1654 3652 113 12029 2271 1559 188 1324 118 6342 114 1223 26389 117 1134 1108 22485 1114 22572 10885 1186 12934 1162 117 1126 12365 20695 4873 27558 119 1130 1901 117 1175 1127 1167 12365 20695 11007 1396 5053 17566 1107 12029 2271 1559 188 1324 118 163 28047 17175 1495 3652 1190 1107 12029 2271 1559 188 1324 118 6342 3652 117 1105 7865 2272 1114 1103 12365 20695 11007 1965 117 1216 1112 4108 1665 2836 1475 117 185 1545 1477 117 1105 13020 2349 1116 117 1127 8599 1107 3652 1114 1750 163 28047 17175 1495 119 163 28047 17175 1495 7466 5455 4634 1103 9397 1104 185 24239 117 1134 2799 170 20917 1113 22459 17668 1477 117 170 5250 1566 2225 6758 27558 119 7154 1121 5250 1566 6758 5250 8702 1979 1107 7209 4182 3652 1114 1750 163 28047 17175 1495 5996 170 1648 1104 151 14569 113 153 114 145 186 14846 4798 1260 7889 23632 19790 6530 122 113 151 4880 2346 1475 114 1111 185 24239 9397 119 5055 1179 1487 117 1195 2799 1115 170 18005 1104 7209 4182 3652 1114 1822 2838 1104 163 28047 17175 1495 1547 8245 1618 8115 2258 1126 12365 20695 11007 1965 1118 24717 1103 185 24239 28710 2064 10294 2836 1475 9840 117 1884 13656 12207 3798 1103 14176 1104 11016 12365 20695 4873 1111 1103 1436 7606 119 102 0 0 0 0 0 0 0 0 0 0 0 0 0 0 0 0 0 0 0 0 0 0 0 0 0 0 0 0 0 0 0 0 0 0 0 0 0 0 0 0 0 0 0 0 0 0 0 0 0 0 0 0 0 0 0 0 0 0 0 0 0 0 0 0 0 0 0 0 0 0 0 0 0 0 0 0 0 0 0 0 0 0 0 0 0 0 0 0 0 0 0 0 0 0 0 0 0 0 0 0 0 0 0 0 0 0 0 0 0 0 0 0 0 0 0 0 0 0 0 0 0 0 0 0 0
02/24/2023 20:34:30 - INFO - data - input_mask: 1 1 1 1 1 1 1 1 1 1 1 1 1 1 1 1 1 1 1 1 1 1 1 1 1 1 1 1 1 1 1 1 1 1 1 1 1 1 1 1 1 1 1 1 1 1 1 1 1 1 1 1 1 1 1 1 1 1 1 1 1 1 1 1 1 1 1 1 1 1 1 1 1 1 1 1 1 1 1 1 1 1 1 1 1 1 1 1 1 1 1 1 1 1 1 1 1 1 1 1 1 1 1 1 1 1 1 1 1 1 1 1 1 1 1 1 1 1 1 1 1 1 1 1 1 1 1 1 1 1 1 1 1 1 1 1 1 1 1 1 1 1 1 1 1 1 1 1 1 1 1 1 1 1 1 1 1 1 1 1 1 1 1 1 1 1 1 1 1 1 1 1 1 1 1 1 1 1 1 1 1 1 1 1 1 1 1 1 1 1 1 1 1 1 1 1 1 1 1 1 1 1 1 1 1 1 1 1 1 1 1 1 1 1 1 1 1 1 1 1 1 1 1 1 1 1 1 1 1 1 1 1 1 1 1 1 1 1 1 1 1 1 1 1 1 1 1 1 1 1 1 1 1 1 1 1 1 1 1 1 1 1 1 1 1 1 1 1 1 1 1 1 1 1 1 1 1 1 1 1 1 1 1 1 1 1 1 1 1 1 1 1 1 1 1 1 1 1 1 1 1 1 1 1 1 1 1 1 1 1 1 1 1 1 1 1 1 1 1 1 1 1 1 1 1 1 1 1 1 1 1 1 1 1 1 1 1 1 1 1 1 1 1 1 1 1 1 1 1 1 1 1 1 1 1 1 1 1 1 1 1 1 1 1 1 1 1 1 1 1 1 1 1 1 1 1 1 1 1 1 1 1 1 1 1 1 1 0 0 0 0 0 0 0 0 0 0 0 0 0 0 0 0 0 0 0 0 0 0 0 0 0 0 0 0 0 0 0 0 0 0 0 0 0 0 0 0 0 0 0 0 0 0 0 0 0 0 0 0 0 0 0 0 0 0 0 0 0 0 0 0 0 0 0 0 0 0 0 0 0 0 0 0 0 0 0 0 0 0 0 0 0 0 0 0 0 0 0 0 0 0 0 0 0 0 0 0 0 0 0 0 0 0 0 0 0 0 0 0 0 0 0 0 0 0 0 0 0 0 0 0 0
02/24/2023 20:34:30 - INFO - data - segment_ids: 0 0 0 0 0 0 0 0 0 0 0 0 0 0 0 0 0 0 0 0 0 0 0 0 0 0 0 0 0 0 0 0 0 0 0 0 0 0 0 0 0 0 0 0 1 1 1 1 1 1 1 1 1 1 1 1 1 1 1 1 1 1 1 1 1 1 1 1 1 1 1 1 1 1 1 1 1 1 1 1 1 1 1 1 1 1 1 1 1 1 1 1 1 1 1 1 1 1 1 1 1 1 1 1 1 1 1 1 1 1 1 1 1 1 1 1 1 1 1 1 1 1 1 1 1 1 1 1 1 1 1 1 1 1 1 1 1 1 1 1 1 1 1 1 1 1 1 1 1 1 1 1 1 1 1 1 1 1 1 1 1 1 1 1 1 1 1 1 1 1 1 1 1 1 1 1 1 1 1 1 1 1 1 1 1 1 1 1 1 1 1 1 1 1 1 1 1 1 1 1 1 1 1 1 1 1 1 1 1 1 1 1 1 1 1 1 1 1 1 1 1 1 1 1 1 1 1 1 1 1 1 1 1 1 1 1 1 1 1 1 1 1 1 1 1 1 1 1 1 1 1 1 1 1 1 1 1 1 1 1 1 1 1 1 1 1 1 1 1 1 1 1 1 1 1 1 1 1 1 1 1 1 1 1 1 1 1 1 1 1 1 1 1 1 1 1 1 1 1 1 1 1 1 1 1 1 1 1 1 1 1 1 1 1 1 1 1 1 1 1 1 1 1 1 1 1 1 1 1 1 1 1 1 1 1 1 1 1 1 1 1 1 1 1 1 1 1 1 1 1 1 1 1 1 1 1 1 1 1 1 1 1 1 1 1 1 1 1 1 1 1 1 1 1 1 1 1 1 1 1 1 1 1 1 1 1 1 0 0 0 0 0 0 0 0 0 0 0 0 0 0 0 0 0 0 0 0 0 0 0 0 0 0 0 0 0 0 0 0 0 0 0 0 0 0 0 0 0 0 0 0 0 0 0 0 0 0 0 0 0 0 0 0 0 0 0 0 0 0 0 0 0 0 0 0 0 0 0 0 0 0 0 0 0 0 0 0 0 0 0 0 0 0 0 0 0 0 0 0 0 0 0 0 0 0 0 0 0 0 0 0 0 0 0 0 0 0 0 0 0 0 0 0 0 0 0 0 0 0 0 0 0
02/24/2023 20:34:30 - INFO - data - label: x (id = 5)
02/24/2023 20:34:31 - INFO - __main__ - shape of the train set: (4514, 4)
02/24/2023 20:34:31 - INFO - __main__ - shape of the dev set: (564, 4)

02/24/2023 20:34:31 - INFO - __main__ - ======================================================================
02/24/2023 20:34:31 - INFO - __main__ - [Epoch 1/50]
02/24/2023 20:37:07 - INFO - __main__ - ****** Train result ******   loss : 1.001, accuracy : 0.664
02/24/2023 20:37:14 - INFO - __main__ - ****** Validation result ******   loss : 0.557, accuracy : 0.837
02/24/2023 20:37:14 - INFO - __main__ - ======================================================================
02/24/2023 20:37:15 - INFO - __main__ - [Epoch 2/50]
02/24/2023 20:38:57 - INFO - __main__ - ****** Train result ******   loss : 0.469, accuracy : 0.847
02/24/2023 20:39:04 - INFO - __main__ - ****** Validation result ******   loss : 0.456, accuracy : 0.855
02/24/2023 20:39:04 - INFO - __main__ - ======================================================================
02/24/2023 20:39:05 - INFO - __main__ - [Epoch 3/50]
02/24/2023 20:40:48 - INFO - __main__ - ****** Train result ******   loss : 0.353, accuracy : 0.886
02/24/2023 20:40:55 - INFO - __main__ - ****** Validation result ******   loss : 0.429, accuracy : 0.867
02/24/2023 20:40:55 - INFO - __main__ - ======================================================================
02/24/2023 20:40:56 - INFO - __main__ - [Epoch 4/50]
02/24/2023 20:42:39 - INFO - __main__ - ****** Train result ******   loss : 0.263, accuracy : 0.916
02/24/2023 20:42:46 - INFO - __main__ - ****** Validation result ******   loss : 0.488, accuracy : 0.846
02/24/2023 20:42:46 - INFO - __main__ - ======================================================================
02/24/2023 20:42:46 - INFO - __main__ - [Epoch 5/50]
02/24/2023 20:44:28 - INFO - __main__ - ****** Train result ******   loss : 0.190, accuracy : 0.941
02/24/2023 20:44:35 - INFO - __main__ - ****** Validation result ******   loss : 0.508, accuracy : 0.851
02/24/2023 20:44:35 - INFO - __main__ - ======================================================================
02/24/2023 20:44:35 - INFO - __main__ - [Epoch 6/50]
02/24/2023 20:46:18 - INFO - __main__ - ****** Train result ******   loss : 0.126, accuracy : 0.960
02/24/2023 20:46:25 - INFO - __main__ - ****** Validation result ******   loss : 0.702, accuracy : 0.835
02/24/2023 20:46:25 - INFO - __main__ - ======================================================================
02/24/2023 20:46:25 - INFO - __main__ - [Epoch 7/50]
02/24/2023 20:48:07 - INFO - __main__ - ****** Train result ******   loss : 0.092, accuracy : 0.973
02/24/2023 20:48:14 - INFO - __main__ - ****** Validation result ******   loss : 0.670, accuracy : 0.848
02/24/2023 20:48:14 - INFO - __main__ - ======================================================================
02/24/2023 20:48:14 - INFO - __main__ - [Epoch 8/50]
02/24/2023 20:49:56 - INFO - __main__ - ****** Train result ******   loss : 0.053, accuracy : 0.985
02/24/2023 20:50:03 - INFO - __main__ - ****** Validation result ******   loss : 0.842, accuracy : 0.821
02/24/2023 20:50:03 - INFO - __main__ - ======================================================================
02/24/2023 20:50:03 - INFO - __main__ - [Epoch 9/50]
02/24/2023 20:51:46 - INFO - __main__ - ****** Train result ******   loss : 0.042, accuracy : 0.988
02/24/2023 20:51:53 - INFO - __main__ - ****** Validation result ******   loss : 0.869, accuracy : 0.824
02/24/2023 20:51:53 - INFO - __main__ - ======================================================================
02/24/2023 20:51:53 - INFO - __main__ - [Epoch 10/50]
02/24/2023 20:54:25 - INFO - __main__ - ****** Train result ******   loss : 0.024, accuracy : 0.994
02/24/2023 20:54:32 - INFO - __main__ - ****** Validation result ******   loss : 0.923, accuracy : 0.833
02/24/2023 20:54:32 - INFO - __main__ - ======================================================================
02/24/2023 20:54:32 - INFO - __main__ - [Epoch 11/50]
02/24/2023 20:56:15 - INFO - __main__ - ****** Train result ******   loss : 0.020, accuracy : 0.994
02/24/2023 20:56:21 - INFO - __main__ - ****** Validation result ******   loss : 1.045, accuracy : 0.835
02/24/2023 20:56:21 - INFO - __main__ - ======================================================================
02/24/2023 20:56:21 - INFO - __main__ - [Epoch 12/50]
02/24/2023 20:58:04 - INFO - __main__ - ****** Train result ******   loss : 0.015, accuracy : 0.995
02/24/2023 20:58:11 - INFO - __main__ - ****** Validation result ******   loss : 1.063, accuracy : 0.817
02/24/2023 20:58:11 - INFO - __main__ - ======================================================================
02/24/2023 20:58:11 - INFO - __main__ - [Epoch 13/50]
02/24/2023 20:59:53 - INFO - __main__ - ****** Train result ******   loss : 0.008, accuracy : 0.998
02/24/2023 21:00:00 - INFO - __main__ - ****** Validation result ******   loss : 1.100, accuracy : 0.821
02/24/2023 21:00:00 - INFO - __main__ - ======================================================================
02/24/2023 21:00:00 - INFO - __main__ - [Epoch 14/50]
02/24/2023 21:01:43 - INFO - __main__ - ****** Train result ******   loss : 0.009, accuracy : 0.998
02/24/2023 21:01:50 - INFO - __main__ - ****** Validation result ******   loss : 1.137, accuracy : 0.828
02/24/2023 21:01:50 - INFO - __main__ - ======================================================================
02/24/2023 21:01:50 - INFO - __main__ - [Epoch 15/50]
02/24/2023 21:03:32 - INFO - __main__ - ****** Train result ******   loss : 0.011, accuracy : 0.997
02/24/2023 21:03:39 - INFO - __main__ - ****** Validation result ******   loss : 1.192, accuracy : 0.830
02/24/2023 21:03:39 - INFO - __main__ - ======================================================================
02/24/2023 21:03:39 - INFO - __main__ - [Epoch 16/50]
02/24/2023 21:05:21 - INFO - __main__ - ****** Train result ******   loss : 0.007, accuracy : 0.998
02/24/2023 21:05:28 - INFO - __main__ - ****** Validation result ******   loss : 1.158, accuracy : 0.828
02/24/2023 21:05:28 - INFO - __main__ - ======================================================================
02/24/2023 21:05:28 - INFO - __main__ - [Epoch 17/50]
02/24/2023 21:07:11 - INFO - __main__ - ****** Train result ******   loss : 0.006, accuracy : 0.998
02/24/2023 21:07:18 - INFO - __main__ - ****** Validation result ******   loss : 1.262, accuracy : 0.823
02/24/2023 21:07:18 - INFO - __main__ - ======================================================================
02/24/2023 21:07:18 - INFO - __main__ - [Epoch 18/50]
02/24/2023 21:09:00 - INFO - __main__ - ****** Train result ******   loss : 0.005, accuracy : 0.998
02/24/2023 21:09:07 - INFO - __main__ - ****** Validation result ******   loss : 1.312, accuracy : 0.816
02/24/2023 21:09:07 - INFO - __main__ - ======================================================================
02/24/2023 21:09:07 - INFO - __main__ - [Epoch 19/50]
02/24/2023 21:10:49 - INFO - __main__ - ****** Train result ******   loss : 0.007, accuracy : 0.998
02/24/2023 21:10:56 - INFO - __main__ - ****** Validation result ******   loss : 1.281, accuracy : 0.826
02/24/2023 21:10:56 - INFO - __main__ - ======================================================================
02/24/2023 21:10:56 - INFO - __main__ - [Epoch 20/50]
02/24/2023 21:13:28 - INFO - __main__ - ****** Train result ******   loss : 0.004, accuracy : 0.998
02/24/2023 21:13:35 - INFO - __main__ - ****** Validation result ******   loss : 1.285, accuracy : 0.826
02/24/2023 21:13:35 - INFO - __main__ - ======================================================================
02/24/2023 21:13:35 - INFO - __main__ - [Epoch 21/50]
02/24/2023 21:15:17 - INFO - __main__ - ****** Train result ******   loss : 0.006, accuracy : 0.998
02/24/2023 21:15:24 - INFO - __main__ - ****** Validation result ******   loss : 1.333, accuracy : 0.817
02/24/2023 21:15:24 - INFO - __main__ - ======================================================================
02/24/2023 21:15:24 - INFO - __main__ - [Epoch 22/50]
02/24/2023 21:17:06 - INFO - __main__ - ****** Train result ******   loss : 0.004, accuracy : 0.998
02/24/2023 21:17:13 - INFO - __main__ - ****** Validation result ******   loss : 1.318, accuracy : 0.824
02/24/2023 21:17:13 - INFO - __main__ - ======================================================================
02/24/2023 21:17:13 - INFO - __main__ - [Epoch 23/50]
02/24/2023 21:18:56 - INFO - __main__ - ****** Train result ******   loss : 0.003, accuracy : 0.998
02/24/2023 21:19:03 - INFO - __main__ - ****** Validation result ******   loss : 1.251, accuracy : 0.830
02/24/2023 21:19:03 - INFO - __main__ - ======================================================================
02/24/2023 21:19:03 - INFO - __main__ - [Epoch 24/50]
02/24/2023 21:20:45 - INFO - __main__ - ****** Train result ******   loss : 0.003, accuracy : 0.999
02/24/2023 21:20:52 - INFO - __main__ - ****** Validation result ******   loss : 1.333, accuracy : 0.828
02/24/2023 21:20:52 - INFO - __main__ - ======================================================================
02/24/2023 21:20:52 - INFO - __main__ - [Epoch 25/50]
02/24/2023 21:22:34 - INFO - __main__ - ****** Train result ******   loss : 0.003, accuracy : 0.998
02/24/2023 21:22:41 - INFO - __main__ - ****** Validation result ******   loss : 1.241, accuracy : 0.828
02/24/2023 21:22:41 - INFO - __main__ - ======================================================================
02/24/2023 21:22:41 - INFO - __main__ - [Epoch 26/50]
02/24/2023 21:24:24 - INFO - __main__ - ****** Train result ******   loss : 0.003, accuracy : 0.998
02/24/2023 21:24:30 - INFO - __main__ - ****** Validation result ******   loss : 1.349, accuracy : 0.826
02/24/2023 21:24:30 - INFO - __main__ - ======================================================================
02/24/2023 21:24:30 - INFO - __main__ - [Epoch 27/50]
02/24/2023 21:26:13 - INFO - __main__ - ****** Train result ******   loss : 0.003, accuracy : 0.998
02/24/2023 21:26:20 - INFO - __main__ - ****** Validation result ******   loss : 1.350, accuracy : 0.823
02/24/2023 21:26:20 - INFO - __main__ - ======================================================================
02/24/2023 21:26:20 - INFO - __main__ - [Epoch 28/50]
02/24/2023 21:28:02 - INFO - __main__ - ****** Train result ******   loss : 0.002, accuracy : 0.998
02/24/2023 21:28:09 - INFO - __main__ - ****** Validation result ******   loss : 1.331, accuracy : 0.832
02/24/2023 21:28:09 - INFO - __main__ - ======================================================================
02/24/2023 21:28:09 - INFO - __main__ - [Epoch 29/50]
02/24/2023 21:29:51 - INFO - __main__ - ****** Train result ******   loss : 0.002, accuracy : 0.998
02/24/2023 21:29:58 - INFO - __main__ - ****** Validation result ******   loss : 1.323, accuracy : 0.828
02/24/2023 21:29:58 - INFO - __main__ - ======================================================================
02/24/2023 21:29:58 - INFO - __main__ - [Epoch 30/50]
02/24/2023 21:32:30 - INFO - __main__ - ****** Train result ******   loss : 0.002, accuracy : 0.998
02/24/2023 21:32:37 - INFO - __main__ - ****** Validation result ******   loss : 1.368, accuracy : 0.832
02/24/2023 21:32:37 - INFO - __main__ - ======================================================================
02/24/2023 21:32:37 - INFO - __main__ - [Epoch 31/50]
02/24/2023 21:34:19 - INFO - __main__ - ****** Train result ******   loss : 0.002, accuracy : 0.999
02/24/2023 21:34:26 - INFO - __main__ - ****** Validation result ******   loss : 1.359, accuracy : 0.830
02/24/2023 21:34:26 - INFO - __main__ - ======================================================================
02/24/2023 21:34:26 - INFO - __main__ - [Epoch 32/50]
02/24/2023 21:36:08 - INFO - __main__ - ****** Train result ******   loss : 0.002, accuracy : 0.999
02/24/2023 21:36:15 - INFO - __main__ - ****** Validation result ******   loss : 1.400, accuracy : 0.833
02/24/2023 21:36:15 - INFO - __main__ - ======================================================================
02/24/2023 21:36:15 - INFO - __main__ - [Epoch 33/50]
02/24/2023 21:37:58 - INFO - __main__ - ****** Train result ******   loss : 0.002, accuracy : 0.998
02/24/2023 21:38:05 - INFO - __main__ - ****** Validation result ******   loss : 1.409, accuracy : 0.833
02/24/2023 21:38:05 - INFO - __main__ - ======================================================================
02/24/2023 21:38:05 - INFO - __main__ - [Epoch 34/50]
02/24/2023 21:39:47 - INFO - __main__ - ****** Train result ******   loss : 0.003, accuracy : 0.998
02/24/2023 21:39:54 - INFO - __main__ - ****** Validation result ******   loss : 1.396, accuracy : 0.835
02/24/2023 21:39:54 - INFO - __main__ - ======================================================================
02/24/2023 21:39:54 - INFO - __main__ - [Epoch 35/50]
02/24/2023 21:41:36 - INFO - __main__ - ****** Train result ******   loss : 0.004, accuracy : 0.998
02/24/2023 21:41:43 - INFO - __main__ - ****** Validation result ******   loss : 1.419, accuracy : 0.833
02/24/2023 21:41:43 - INFO - __main__ - ======================================================================
02/24/2023 21:41:43 - INFO - __main__ - [Epoch 36/50]
02/24/2023 21:43:26 - INFO - __main__ - ****** Train result ******   loss : 0.002, accuracy : 0.998
02/24/2023 21:43:33 - INFO - __main__ - ****** Validation result ******   loss : 1.394, accuracy : 0.832
02/24/2023 21:43:33 - INFO - __main__ - ======================================================================
02/24/2023 21:43:33 - INFO - __main__ - [Epoch 37/50]
02/24/2023 21:45:15 - INFO - __main__ - ****** Train result ******   loss : 0.002, accuracy : 0.999
02/24/2023 21:45:22 - INFO - __main__ - ****** Validation result ******   loss : 1.392, accuracy : 0.833
02/24/2023 21:45:22 - INFO - __main__ - ======================================================================
02/24/2023 21:45:22 - INFO - __main__ - [Epoch 38/50]
02/24/2023 21:47:04 - INFO - __main__ - ****** Train result ******   loss : 0.002, accuracy : 0.999
02/24/2023 21:47:11 - INFO - __main__ - ****** Validation result ******   loss : 1.403, accuracy : 0.835
02/24/2023 21:47:11 - INFO - __main__ - ======================================================================
02/24/2023 21:47:11 - INFO - __main__ - [Epoch 39/50]
02/24/2023 21:48:54 - INFO - __main__ - ****** Train result ******   loss : 0.002, accuracy : 0.999
02/24/2023 21:49:00 - INFO - __main__ - ****** Validation result ******   loss : 1.440, accuracy : 0.832
02/24/2023 21:49:00 - INFO - __main__ - ======================================================================
02/24/2023 21:49:00 - INFO - __main__ - [Epoch 40/50]
02/24/2023 21:51:32 - INFO - __main__ - ****** Train result ******   loss : 0.002, accuracy : 0.998
02/24/2023 21:51:39 - INFO - __main__ - ****** Validation result ******   loss : 1.425, accuracy : 0.832
02/24/2023 21:51:39 - INFO - __main__ - ======================================================================
02/24/2023 21:51:39 - INFO - __main__ - [Epoch 41/50]
02/24/2023 21:53:21 - INFO - __main__ - ****** Train result ******   loss : 0.002, accuracy : 0.999
02/24/2023 21:53:28 - INFO - __main__ - ****** Validation result ******   loss : 1.407, accuracy : 0.833
02/24/2023 21:53:28 - INFO - __main__ - ======================================================================
02/24/2023 21:53:28 - INFO - __main__ - [Epoch 42/50]
02/24/2023 21:55:10 - INFO - __main__ - ****** Train result ******   loss : 0.002, accuracy : 0.999
02/24/2023 21:55:17 - INFO - __main__ - ****** Validation result ******   loss : 1.412, accuracy : 0.835
02/24/2023 21:55:17 - INFO - __main__ - ======================================================================
02/24/2023 21:55:17 - INFO - __main__ - [Epoch 43/50]
02/24/2023 21:57:00 - INFO - __main__ - ****** Train result ******   loss : 0.002, accuracy : 0.998
02/24/2023 21:57:07 - INFO - __main__ - ****** Validation result ******   loss : 1.410, accuracy : 0.832
02/24/2023 21:57:07 - INFO - __main__ - ======================================================================
02/24/2023 21:57:07 - INFO - __main__ - [Epoch 44/50]
02/24/2023 21:58:49 - INFO - __main__ - ****** Train result ******   loss : 0.002, accuracy : 0.998
02/24/2023 21:58:56 - INFO - __main__ - ****** Validation result ******   loss : 1.420, accuracy : 0.830
02/24/2023 21:58:56 - INFO - __main__ - ======================================================================
02/24/2023 21:58:56 - INFO - __main__ - [Epoch 45/50]
02/24/2023 22:00:38 - INFO - __main__ - ****** Train result ******   loss : 0.002, accuracy : 0.998
02/24/2023 22:00:45 - INFO - __main__ - ****** Validation result ******   loss : 1.446, accuracy : 0.835
02/24/2023 22:00:45 - INFO - __main__ - ======================================================================
02/24/2023 22:00:45 - INFO - __main__ - [Epoch 46/50]
02/24/2023 22:02:27 - INFO - __main__ - ****** Train result ******   loss : 0.002, accuracy : 0.998
02/24/2023 22:02:34 - INFO - __main__ - ****** Validation result ******   loss : 1.451, accuracy : 0.835
02/24/2023 22:02:34 - INFO - __main__ - ======================================================================
02/24/2023 22:02:34 - INFO - __main__ - [Epoch 47/50]
02/24/2023 22:04:16 - INFO - __main__ - ****** Train result ******   loss : 0.002, accuracy : 0.999
02/24/2023 22:04:23 - INFO - __main__ - ****** Validation result ******   loss : 1.445, accuracy : 0.835
02/24/2023 22:04:23 - INFO - __main__ - ======================================================================
02/24/2023 22:04:23 - INFO - __main__ - [Epoch 48/50]
02/24/2023 22:06:06 - INFO - __main__ - ****** Train result ******   loss : 0.002, accuracy : 0.998
02/24/2023 22:06:12 - INFO - __main__ - ****** Validation result ******   loss : 1.449, accuracy : 0.837
02/24/2023 22:06:12 - INFO - __main__ - ======================================================================
02/24/2023 22:06:12 - INFO - __main__ - [Epoch 49/50]
02/24/2023 22:07:55 - INFO - __main__ - ****** Train result ******   loss : 0.002, accuracy : 0.998
02/24/2023 22:08:02 - INFO - __main__ - ****** Validation result ******   loss : 1.445, accuracy : 0.833
02/24/2023 22:08:02 - INFO - __main__ - ======================================================================
02/24/2023 22:08:02 - INFO - __main__ - [Epoch 50/50]
02/24/2023 22:10:34 - INFO - __main__ - ****** Train result ******   loss : 0.002, accuracy : 0.998
02/24/2023 22:10:41 - INFO - __main__ - ****** Validation result ******   loss : 1.448, accuracy : 0.833
02/24/2023 22:10:41 - INFO - __main__ - ======================================================================
02/24/2023 22:10:41 - INFO - __main__ - Training took 1:36:09.593864
02/24/2023 22:10:41 - INFO - __main__ - Best Epoch: 3
02/24/2023 22:10:41 - INFO - __main__ - Best Accuracy: 0.867
02/24/2023 22:10:48 - INFO - __main__ - ======================================================================
02/24/2023 22:10:48 - INFO - __main__ - Classification Report
02/24/2023 22:10:48 - INFO - __main__ - 
              precision    recall  f1-score   support

        bone       0.80      0.85      0.83        62
    diabetes       0.87      0.94      0.90       201
      others       0.72      0.50      0.59        46
pitu/adrenal       0.82      0.78      0.80        23
     thyroid       0.98      0.99      0.98        87
           x       0.86      0.83      0.85       145

    accuracy                           0.87       564
   macro avg       0.84      0.82      0.83       564
weighted avg       0.86      0.87      0.86       564


02/24/2023 22:10:48 - INFO - __main__ - ======================================================================
02/24/2023 22:10:48 - INFO - __main__ - Accuracy on the Validation set: 0.867
02/24/2023 22:10:48 - INFO - __main__ - ======================================================================
02/24/2023 22:33:32 - INFO - data - *** Example ***
02/24/2023 22:33:32 - INFO - data - tokens: [CLS] Publisher Co ##rre ##ction : At ##her ##ogenic d ##ys ##lip ##ide ##mia promotes auto ##im ##mu ##ne f ##oll ##icular help ##er T cell responses via IL - 27 . [SEP] r ##dered ##D ##ict ( [ ( ' su ##p ' , [ ' - / - ' , ' - / - ' ] ) , ( ' # text ' , ' In the version of this article initially published , the third label along the horizontal axis of Fi ##g . 4 ##b ( Il ##13 ##a ) and the middle label above each plot in Fi ##g . 6 ##k ( St ##at ) were incorrect , and the has ##h marks along the horizontal axis for Fi ##g . 6 ##i were spaced incorrectly . Also , the statistical results in the citation for Su ##pp ##lement ##ary Fi ##g . 5 ##a ( * P < 0 . 05 , * * P < 0 . 01 and * * * P < 0 . 00 ##1 ( un ##pair ##ed Student \ ' s t - test ) ) in the fifth sub ##section of Results were incorrect . The correct label for Fi ##g . 4 ##b is Il ##23 ##a and for Fi ##g . 6 ##k is St ##at ##1 , and the right has ##h mark along the horizontal axis for Fi ##g . 6 ##i should be beneath the data points at right . The correct citation of the statistical results is as follows : " ( P < 0 . 05 and P < 0 . 01 ( un ##pair ##ed Student \ ' s t - test ) ; Su ##pp ##lement ##ary Fi ##g . 5 ##a ) . " The errors have been corrected in the H ##TM ##L and PDF version of the article . ' ) ] [SEP]
02/24/2023 22:33:32 - INFO - data - input_ids: 101 26045 3291 11604 5796 131 1335 4679 17960 173 6834 10913 3269 8191 14710 12365 4060 13601 1673 175 12666 20899 1494 1200 157 2765 11317 2258 15393 118 1765 119 102 187 26788 2137 17882 113 164 113 112 28117 1643 112 117 164 112 118 120 118 112 117 112 118 120 118 112 166 114 117 113 112 108 3087 112 117 112 1130 1103 1683 1104 1142 3342 2786 1502 117 1103 1503 3107 1373 1103 10012 9840 1104 17355 1403 119 125 1830 113 9190 17668 1161 114 1105 1103 2243 3107 1807 1296 4928 1107 17355 1403 119 127 1377 113 1457 2980 114 1127 18238 117 1105 1103 1144 1324 6216 1373 1103 10012 9840 1111 17355 1403 119 127 1182 1127 22445 21605 119 2907 117 1103 11435 2686 1107 1103 19548 1111 15463 8661 20041 3113 17355 1403 119 126 1161 113 115 153 133 121 119 4991 117 115 115 153 133 121 119 5187 1105 115 115 115 153 133 121 119 3135 1475 113 8362 25033 1174 7646 165 112 188 189 118 2774 114 114 1107 1103 3049 4841 25461 1104 16005 1127 18238 119 1109 5663 3107 1111 17355 1403 119 125 1830 1110 9190 22737 1161 1105 1111 17355 1403 119 127 1377 1110 1457 2980 1475 117 1105 1103 1268 1144 1324 4551 1373 1103 10012 9840 1111 17355 1403 119 127 1182 1431 1129 3502 1103 2233 1827 1120 1268 119 1109 5663 19548 1104 1103 11435 2686 1110 1112 3226 131 107 113 153 133 121 119 4991 1105 153 133 121 119 5187 113 8362 25033 1174 7646 165 112 188 189 118 2774 114 132 15463 8661 20041 3113 17355 1403 119 126 1161 114 119 107 1109 11122 1138 1151 13808 1107 1103 145 19974 2162 1105 12955 1683 1104 1103 3342 119 112 114 166 102 0 0 0 0 0 0 0 0 0 0 0 0 0 0 0 0 0 0 0 0 0 0 0 0 0 0 0 0 0 0 0 0 0 0 0 0 0 0 0 0 0 0 0 0 0 0 0 0 0 0 0 0 0 0 0 0 0 0 0 0 0 0 0 0 0 0 0 0 0 0 0 0 0 0 0 0 0 0 0 0 0 0 0 0 0 0 0 0 0 0 0 0 0 0 0 0 0 0 0 0 0 0 0 0 0 0 0 0 0 0 0 0 0 0 0 0 0 0 0 0 0 0 0 0 0 0 0 0 0 0 0 0 0 0 0 0 0 0 0 0 0 0 0 0 0 0 0 0 0 0 0 0 0 0 0 0 0 0 0 0 0 0 0 0 0 0 0 0 0 0 0 0 0 0 0 0 0 0 0 0 0 0 0 0 0 0 0 0 0 0 0 0 0
02/24/2023 22:33:32 - INFO - data - input_mask: 1 1 1 1 1 1 1 1 1 1 1 1 1 1 1 1 1 1 1 1 1 1 1 1 1 1 1 1 1 1 1 1 1 1 1 1 1 1 1 1 1 1 1 1 1 1 1 1 1 1 1 1 1 1 1 1 1 1 1 1 1 1 1 1 1 1 1 1 1 1 1 1 1 1 1 1 1 1 1 1 1 1 1 1 1 1 1 1 1 1 1 1 1 1 1 1 1 1 1 1 1 1 1 1 1 1 1 1 1 1 1 1 1 1 1 1 1 1 1 1 1 1 1 1 1 1 1 1 1 1 1 1 1 1 1 1 1 1 1 1 1 1 1 1 1 1 1 1 1 1 1 1 1 1 1 1 1 1 1 1 1 1 1 1 1 1 1 1 1 1 1 1 1 1 1 1 1 1 1 1 1 1 1 1 1 1 1 1 1 1 1 1 1 1 1 1 1 1 1 1 1 1 1 1 1 1 1 1 1 1 1 1 1 1 1 1 1 1 1 1 1 1 1 1 1 1 1 1 1 1 1 1 1 1 1 1 1 1 1 1 1 1 1 1 1 1 1 1 1 1 1 1 1 1 1 1 1 1 1 1 1 1 1 1 1 1 1 1 1 1 1 1 1 1 1 1 1 1 1 1 1 1 1 1 1 1 1 1 1 1 1 1 1 1 1 1 1 1 1 1 1 1 1 1 1 1 1 1 1 1 1 1 1 1 1 1 1 1 1 0 0 0 0 0 0 0 0 0 0 0 0 0 0 0 0 0 0 0 0 0 0 0 0 0 0 0 0 0 0 0 0 0 0 0 0 0 0 0 0 0 0 0 0 0 0 0 0 0 0 0 0 0 0 0 0 0 0 0 0 0 0 0 0 0 0 0 0 0 0 0 0 0 0 0 0 0 0 0 0 0 0 0 0 0 0 0 0 0 0 0 0 0 0 0 0 0 0 0 0 0 0 0 0 0 0 0 0 0 0 0 0 0 0 0 0 0 0 0 0 0 0 0 0 0 0 0 0 0 0 0 0 0 0 0 0 0 0 0 0 0 0 0 0 0 0 0 0 0 0 0 0 0 0 0 0 0 0 0 0 0 0 0 0 0 0 0 0 0 0 0 0 0 0 0 0 0 0 0 0 0 0 0 0 0 0 0 0 0 0 0 0 0
02/24/2023 22:33:32 - INFO - data - segment_ids: 0 0 0 0 0 0 0 0 0 0 0 0 0 0 0 0 0 0 0 0 0 0 0 0 0 0 0 0 0 0 0 0 1 1 1 1 1 1 1 1 1 1 1 1 1 1 1 1 1 1 1 1 1 1 1 1 1 1 1 1 1 1 1 1 1 1 1 1 1 1 1 1 1 1 1 1 1 1 1 1 1 1 1 1 1 1 1 1 1 1 1 1 1 1 1 1 1 1 1 1 1 1 1 1 1 1 1 1 1 1 1 1 1 1 1 1 1 1 1 1 1 1 1 1 1 1 1 1 1 1 1 1 1 1 1 1 1 1 1 1 1 1 1 1 1 1 1 1 1 1 1 1 1 1 1 1 1 1 1 1 1 1 1 1 1 1 1 1 1 1 1 1 1 1 1 1 1 1 1 1 1 1 1 1 1 1 1 1 1 1 1 1 1 1 1 1 1 1 1 1 1 1 1 1 1 1 1 1 1 1 1 1 1 1 1 1 1 1 1 1 1 1 1 1 1 1 1 1 1 1 1 1 1 1 1 1 1 1 1 1 1 1 1 1 1 1 1 1 1 1 1 1 1 1 1 1 1 1 1 1 1 1 1 1 1 1 1 1 1 1 1 1 1 1 1 1 1 1 1 1 1 1 1 1 1 1 1 1 1 1 1 1 1 1 1 1 1 1 1 1 1 1 1 1 1 1 1 1 1 1 1 1 1 1 1 1 1 1 1 0 0 0 0 0 0 0 0 0 0 0 0 0 0 0 0 0 0 0 0 0 0 0 0 0 0 0 0 0 0 0 0 0 0 0 0 0 0 0 0 0 0 0 0 0 0 0 0 0 0 0 0 0 0 0 0 0 0 0 0 0 0 0 0 0 0 0 0 0 0 0 0 0 0 0 0 0 0 0 0 0 0 0 0 0 0 0 0 0 0 0 0 0 0 0 0 0 0 0 0 0 0 0 0 0 0 0 0 0 0 0 0 0 0 0 0 0 0 0 0 0 0 0 0 0 0 0 0 0 0 0 0 0 0 0 0 0 0 0 0 0 0 0 0 0 0 0 0 0 0 0 0 0 0 0 0 0 0 0 0 0 0 0 0 0 0 0 0 0 0 0 0 0 0 0 0 0 0 0 0 0 0 0 0 0 0 0 0 0 0 0 0 0
02/24/2023 22:33:32 - INFO - data - label: x (id = 5)
02/24/2023 22:33:32 - INFO - data - *** Example ***
02/24/2023 22:33:32 - INFO - data - tokens: [CLS] I ##mp ##roved trends in card ##iovascular complications among subjects with type 2 diabetes in Korea : a nationwide study ( 2006 - 2013 ) . [SEP] Order ##ed ##D ##ict ( [ ( ' @ Label ' , ' BA ##C ##K ##GR ##O ##UN ##D ' ) , ( ' # text ' , ' Representative data on the secular trends in card ##iovascular disease ( C ##VD ) are limited in Asian populations with diabetes . We aimed to estimate the temporal trends in card ##iovascular complications using Korean nationwide whole population - based claims data in subjects with and without diabetes . ' ) ] ) , Order ##ed ##D ##ict ( [ ( ' @ Label ' , ' ME ##TH ##OD ##S ' ) , ( ' # text ' , ' Type 2 diabetes was defined as a current medication history of anti - di ##abe ##tic drugs and the presence of International Classification of Disease ##s ( I ##CD ) - 10 codes ( E ##11 - E ##14 ) as diagnosis . We compared the 8 - year rates of six card ##iovascular complications [ i . e . , is ##che ##mic heart disease , acute my ##oc ##ard ##ial in ##far ##ction ( AM ##I ) , is ##che ##mic stroke , hem ##or ##r ##ha ##gic stroke , per ##cut ##aneous co ##rona ##ry intervention ( PC ##I ) , and co ##rona ##ry artery bypass g ##raft ( CA ##B ##G ) ] in Korean adults aged 30 \ x ##a ##0 ##ye ##ars and older using data from four consecutive nationwide databases ( 2006 - 2007 , 2008 - 2009 , 2010 - 2011 , and 2012 - 2013 ) of Korean national health insurance service . ' ) ] ) , Order ##ed ##D ##ict ( [ ( ' @ Label ' , ' R ##ES ##U ##LT ##S ' ) , ( ' # text ' , ' A total of 1 , 64 ##5 , 34 ##8 , 1 , 97 ##1 , 55 ##9 , 2 , 29 ##1 , 247 , and 2 , 56 ##2 , 61 ##2 subjects with type 2 diabetes were found in the year of 2006 - 2007 , 2008 - 2009 , 2010 - 2011 , and 2012 - 2013 , respectively . Age and gender standardized rates of the six pre ##de ##fine ##d card ##iovascular complications decreased in Korean adults with type 2 diabetes during the study period . The greatest relative reduction ##s were observed for hospital ##ization due to AM ##I ( - 37 . 28 % ) , followed by hospital ##izations due to is ##che ##mic stroke ( - 36 . 98 % ) . In the overall population without type 2 diabetes , the greatest relative reduction ##s were observed for hospital ##ization for hem ##or ##r ##ha ##gic stroke ( - 29 . 47 % ) , followed by hospital ##ization due to is ##che ##mic stroke [SEP]
02/24/2023 22:33:32 - INFO - data - input_ids: 101 146 8223 16011 14652 1107 3621 25575 13522 1621 5174 1114 2076 123 17972 1107 3577 131 170 9708 2025 113 1386 118 1381 114 119 102 2864 1174 2137 17882 113 164 113 112 137 20943 112 117 112 12465 1658 2428 27617 2346 27370 2137 112 114 117 113 112 108 3087 112 117 112 7725 2233 1113 1103 11393 14652 1107 3621 25575 3653 113 140 23935 114 1132 2609 1107 3141 6623 1114 17972 119 1284 5850 1106 10301 1103 18107 14652 1107 3621 25575 13522 1606 3947 9708 2006 1416 118 1359 3711 2233 1107 5174 1114 1105 1443 17972 119 112 114 166 114 117 2864 1174 2137 17882 113 164 113 112 137 20943 112 117 112 22157 24162 15609 1708 112 114 117 113 112 108 3087 112 117 112 6902 123 17972 1108 3393 1112 170 1954 15683 1607 1104 2848 118 4267 22377 2941 5557 1105 1103 2915 1104 1570 19295 1104 20012 1116 113 146 14107 114 118 1275 9812 113 142 14541 118 142 17175 114 1112 12645 119 1284 3402 1103 129 118 1214 5600 1104 1565 3621 25575 13522 164 178 119 174 119 117 1110 4386 7257 1762 3653 117 12104 1139 13335 2881 2916 1107 14794 5796 113 6586 2240 114 117 1110 4386 7257 6625 117 23123 1766 1197 2328 11007 6625 117 1679 12734 13064 1884 15789 1616 9108 113 7054 2240 114 117 1105 1884 15789 1616 18593 13981 176 15371 113 8784 2064 2349 114 166 1107 3947 6323 4079 1476 165 193 1161 1568 4980 7666 1105 2214 1606 2233 1121 1300 4776 9708 19908 113 1386 118 1384 117 1369 118 1371 117 1333 118 1349 117 1105 1368 118 1381 114 1104 3947 1569 2332 5986 1555 119 112 114 166 114 117 2864 1174 2137 17882 113 164 113 112 137 20943 112 117 112 155 9919 2591 26909 1708 112 114 117 113 112 108 3087 112 117 112 138 1703 1104 122 117 3324 1571 117 3236 1604 117 122 117 5311 1475 117 3731 1580 117 123 117 1853 1475 117 26049 117 1105 123 117 4376 1477 117 5391 1477 5174 1114 2076 123 17972 1127 1276 1107 1103 1214 1104 1386 118 1384 117 1369 118 1371 117 1333 118 1349 117 1105 1368 118 1381 117 3569 119 4936 1105 5772 18013 5600 1104 1103 1565 3073 2007 24191 1181 3621 25575 13522 10558 1107 3947 6323 1114 2076 123 17972 1219 1103 2025 1669 119 1109 4459 5236 7234 1116 1127 4379 1111 2704 2734 1496 1106 6586 2240 113 118 3413 119 1743 110 114 117 1723 1118 2704 20412 1496 1106 1110 4386 7257 6625 113 118 3164 119 5103 110 114 119 1130 1103 2905 1416 1443 2076 123 17972 117 1103 4459 5236 7234 1116 1127 4379 1111 2704 2734 1111 23123 1766 1197 2328 11007 6625 113 118 1853 119 3862 110 114 117 1723 1118 2704 2734 1496 1106 1110 4386 7257 6625 102
02/24/2023 22:33:32 - INFO - data - input_mask: 1 1 1 1 1 1 1 1 1 1 1 1 1 1 1 1 1 1 1 1 1 1 1 1 1 1 1 1 1 1 1 1 1 1 1 1 1 1 1 1 1 1 1 1 1 1 1 1 1 1 1 1 1 1 1 1 1 1 1 1 1 1 1 1 1 1 1 1 1 1 1 1 1 1 1 1 1 1 1 1 1 1 1 1 1 1 1 1 1 1 1 1 1 1 1 1 1 1 1 1 1 1 1 1 1 1 1 1 1 1 1 1 1 1 1 1 1 1 1 1 1 1 1 1 1 1 1 1 1 1 1 1 1 1 1 1 1 1 1 1 1 1 1 1 1 1 1 1 1 1 1 1 1 1 1 1 1 1 1 1 1 1 1 1 1 1 1 1 1 1 1 1 1 1 1 1 1 1 1 1 1 1 1 1 1 1 1 1 1 1 1 1 1 1 1 1 1 1 1 1 1 1 1 1 1 1 1 1 1 1 1 1 1 1 1 1 1 1 1 1 1 1 1 1 1 1 1 1 1 1 1 1 1 1 1 1 1 1 1 1 1 1 1 1 1 1 1 1 1 1 1 1 1 1 1 1 1 1 1 1 1 1 1 1 1 1 1 1 1 1 1 1 1 1 1 1 1 1 1 1 1 1 1 1 1 1 1 1 1 1 1 1 1 1 1 1 1 1 1 1 1 1 1 1 1 1 1 1 1 1 1 1 1 1 1 1 1 1 1 1 1 1 1 1 1 1 1 1 1 1 1 1 1 1 1 1 1 1 1 1 1 1 1 1 1 1 1 1 1 1 1 1 1 1 1 1 1 1 1 1 1 1 1 1 1 1 1 1 1 1 1 1 1 1 1 1 1 1 1 1 1 1 1 1 1 1 1 1 1 1 1 1 1 1 1 1 1 1 1 1 1 1 1 1 1 1 1 1 1 1 1 1 1 1 1 1 1 1 1 1 1 1 1 1 1 1 1 1 1 1 1 1 1 1 1 1 1 1 1 1 1 1 1 1 1 1 1 1 1 1 1 1 1 1 1 1 1 1 1 1 1 1 1 1 1 1 1 1 1 1 1 1 1 1 1 1 1 1 1 1 1 1 1 1 1 1 1 1 1 1 1 1 1 1 1 1 1 1 1 1 1 1 1 1 1 1 1 1 1 1 1 1
02/24/2023 22:33:32 - INFO - data - segment_ids: 0 0 0 0 0 0 0 0 0 0 0 0 0 0 0 0 0 0 0 0 0 0 0 0 0 0 0 1 1 1 1 1 1 1 1 1 1 1 1 1 1 1 1 1 1 1 1 1 1 1 1 1 1 1 1 1 1 1 1 1 1 1 1 1 1 1 1 1 1 1 1 1 1 1 1 1 1 1 1 1 1 1 1 1 1 1 1 1 1 1 1 1 1 1 1 1 1 1 1 1 1 1 1 1 1 1 1 1 1 1 1 1 1 1 1 1 1 1 1 1 1 1 1 1 1 1 1 1 1 1 1 1 1 1 1 1 1 1 1 1 1 1 1 1 1 1 1 1 1 1 1 1 1 1 1 1 1 1 1 1 1 1 1 1 1 1 1 1 1 1 1 1 1 1 1 1 1 1 1 1 1 1 1 1 1 1 1 1 1 1 1 1 1 1 1 1 1 1 1 1 1 1 1 1 1 1 1 1 1 1 1 1 1 1 1 1 1 1 1 1 1 1 1 1 1 1 1 1 1 1 1 1 1 1 1 1 1 1 1 1 1 1 1 1 1 1 1 1 1 1 1 1 1 1 1 1 1 1 1 1 1 1 1 1 1 1 1 1 1 1 1 1 1 1 1 1 1 1 1 1 1 1 1 1 1 1 1 1 1 1 1 1 1 1 1 1 1 1 1 1 1 1 1 1 1 1 1 1 1 1 1 1 1 1 1 1 1 1 1 1 1 1 1 1 1 1 1 1 1 1 1 1 1 1 1 1 1 1 1 1 1 1 1 1 1 1 1 1 1 1 1 1 1 1 1 1 1 1 1 1 1 1 1 1 1 1 1 1 1 1 1 1 1 1 1 1 1 1 1 1 1 1 1 1 1 1 1 1 1 1 1 1 1 1 1 1 1 1 1 1 1 1 1 1 1 1 1 1 1 1 1 1 1 1 1 1 1 1 1 1 1 1 1 1 1 1 1 1 1 1 1 1 1 1 1 1 1 1 1 1 1 1 1 1 1 1 1 1 1 1 1 1 1 1 1 1 1 1 1 1 1 1 1 1 1 1 1 1 1 1 1 1 1 1 1 1 1 1 1 1 1 1 1 1 1 1 1 1 1 1 1 1 1 1 1 1 1 1 1 1 1 1 1 1 1 1 1 1 1 1 1 1
02/24/2023 22:33:32 - INFO - data - label: diabetes (id = 1)
02/24/2023 22:34:48 - INFO - data - *** Example ***
02/24/2023 22:34:48 - INFO - data - tokens: [CLS] Publisher Co ##rre ##ction : At ##her ##ogenic d ##ys ##lip ##ide ##mia promotes auto ##im ##mu ##ne f ##oll ##icular help ##er T cell responses via IL - 27 . [SEP] r ##dered ##D ##ict ( [ ( ' su ##p ' , [ ' - / - ' , ' - / - ' ] ) , ( ' # text ' , ' In the version of this article initially published , the third label along the horizontal axis of Fi ##g . 4 ##b ( Il ##13 ##a ) and the middle label above each plot in Fi ##g . 6 ##k ( St ##at ) were incorrect , and the has ##h marks along the horizontal axis for Fi ##g . 6 ##i were spaced incorrectly . Also , the statistical results in the citation for Su ##pp ##lement ##ary Fi ##g . 5 ##a ( * P < 0 . 05 , * * P < 0 . 01 and * * * P < 0 . 00 ##1 ( un ##pair ##ed Student \ ' s t - test ) ) in the fifth sub ##section of Results were incorrect . The correct label for Fi ##g . 4 ##b is Il ##23 ##a and for Fi ##g . 6 ##k is St ##at ##1 , and the right has ##h mark along the horizontal axis for Fi ##g . 6 ##i should be beneath the data points at right . The correct citation of the statistical results is as follows : " ( P < 0 . 05 and P < 0 . 01 ( un ##pair ##ed Student \ ' s t - test ) ; Su ##pp ##lement ##ary Fi ##g . 5 ##a ) . " The errors have been corrected in the H ##TM ##L and PDF version of the article . ' ) ] [SEP]
02/24/2023 22:34:48 - INFO - data - input_ids: 101 26045 3291 11604 5796 131 1335 4679 17960 173 6834 10913 3269 8191 14710 12365 4060 13601 1673 175 12666 20899 1494 1200 157 2765 11317 2258 15393 118 1765 119 102 187 26788 2137 17882 113 164 113 112 28117 1643 112 117 164 112 118 120 118 112 117 112 118 120 118 112 166 114 117 113 112 108 3087 112 117 112 1130 1103 1683 1104 1142 3342 2786 1502 117 1103 1503 3107 1373 1103 10012 9840 1104 17355 1403 119 125 1830 113 9190 17668 1161 114 1105 1103 2243 3107 1807 1296 4928 1107 17355 1403 119 127 1377 113 1457 2980 114 1127 18238 117 1105 1103 1144 1324 6216 1373 1103 10012 9840 1111 17355 1403 119 127 1182 1127 22445 21605 119 2907 117 1103 11435 2686 1107 1103 19548 1111 15463 8661 20041 3113 17355 1403 119 126 1161 113 115 153 133 121 119 4991 117 115 115 153 133 121 119 5187 1105 115 115 115 153 133 121 119 3135 1475 113 8362 25033 1174 7646 165 112 188 189 118 2774 114 114 1107 1103 3049 4841 25461 1104 16005 1127 18238 119 1109 5663 3107 1111 17355 1403 119 125 1830 1110 9190 22737 1161 1105 1111 17355 1403 119 127 1377 1110 1457 2980 1475 117 1105 1103 1268 1144 1324 4551 1373 1103 10012 9840 1111 17355 1403 119 127 1182 1431 1129 3502 1103 2233 1827 1120 1268 119 1109 5663 19548 1104 1103 11435 2686 1110 1112 3226 131 107 113 153 133 121 119 4991 1105 153 133 121 119 5187 113 8362 25033 1174 7646 165 112 188 189 118 2774 114 132 15463 8661 20041 3113 17355 1403 119 126 1161 114 119 107 1109 11122 1138 1151 13808 1107 1103 145 19974 2162 1105 12955 1683 1104 1103 3342 119 112 114 166 102 0 0 0 0 0 0 0 0 0 0 0 0 0 0 0 0 0 0 0 0 0 0 0 0 0 0 0 0 0 0 0 0 0 0 0 0 0 0 0 0 0 0 0 0 0 0 0 0 0 0 0 0 0 0 0 0 0 0 0 0 0 0 0 0 0 0 0 0 0 0 0 0 0 0 0 0 0 0 0 0 0 0 0 0 0 0 0 0 0 0 0 0 0 0 0 0 0 0 0 0 0 0 0 0 0 0 0 0 0 0 0 0 0 0 0 0 0 0 0 0 0 0 0 0 0 0 0 0 0 0 0 0 0 0 0 0 0 0 0 0 0 0 0 0 0 0 0 0 0 0 0 0 0 0 0 0 0 0 0 0 0 0 0 0 0 0 0 0 0 0 0 0 0 0 0 0 0 0 0 0 0 0 0 0 0 0 0 0 0 0 0 0 0
02/24/2023 22:34:48 - INFO - data - input_mask: 1 1 1 1 1 1 1 1 1 1 1 1 1 1 1 1 1 1 1 1 1 1 1 1 1 1 1 1 1 1 1 1 1 1 1 1 1 1 1 1 1 1 1 1 1 1 1 1 1 1 1 1 1 1 1 1 1 1 1 1 1 1 1 1 1 1 1 1 1 1 1 1 1 1 1 1 1 1 1 1 1 1 1 1 1 1 1 1 1 1 1 1 1 1 1 1 1 1 1 1 1 1 1 1 1 1 1 1 1 1 1 1 1 1 1 1 1 1 1 1 1 1 1 1 1 1 1 1 1 1 1 1 1 1 1 1 1 1 1 1 1 1 1 1 1 1 1 1 1 1 1 1 1 1 1 1 1 1 1 1 1 1 1 1 1 1 1 1 1 1 1 1 1 1 1 1 1 1 1 1 1 1 1 1 1 1 1 1 1 1 1 1 1 1 1 1 1 1 1 1 1 1 1 1 1 1 1 1 1 1 1 1 1 1 1 1 1 1 1 1 1 1 1 1 1 1 1 1 1 1 1 1 1 1 1 1 1 1 1 1 1 1 1 1 1 1 1 1 1 1 1 1 1 1 1 1 1 1 1 1 1 1 1 1 1 1 1 1 1 1 1 1 1 1 1 1 1 1 1 1 1 1 1 1 1 1 1 1 1 1 1 1 1 1 1 1 1 1 1 1 1 1 1 1 1 1 1 1 1 1 1 1 1 1 1 1 1 1 1 0 0 0 0 0 0 0 0 0 0 0 0 0 0 0 0 0 0 0 0 0 0 0 0 0 0 0 0 0 0 0 0 0 0 0 0 0 0 0 0 0 0 0 0 0 0 0 0 0 0 0 0 0 0 0 0 0 0 0 0 0 0 0 0 0 0 0 0 0 0 0 0 0 0 0 0 0 0 0 0 0 0 0 0 0 0 0 0 0 0 0 0 0 0 0 0 0 0 0 0 0 0 0 0 0 0 0 0 0 0 0 0 0 0 0 0 0 0 0 0 0 0 0 0 0 0 0 0 0 0 0 0 0 0 0 0 0 0 0 0 0 0 0 0 0 0 0 0 0 0 0 0 0 0 0 0 0 0 0 0 0 0 0 0 0 0 0 0 0 0 0 0 0 0 0 0 0 0 0 0 0 0 0 0 0 0 0 0 0 0 0 0 0
02/24/2023 22:34:48 - INFO - data - segment_ids: 0 0 0 0 0 0 0 0 0 0 0 0 0 0 0 0 0 0 0 0 0 0 0 0 0 0 0 0 0 0 0 0 1 1 1 1 1 1 1 1 1 1 1 1 1 1 1 1 1 1 1 1 1 1 1 1 1 1 1 1 1 1 1 1 1 1 1 1 1 1 1 1 1 1 1 1 1 1 1 1 1 1 1 1 1 1 1 1 1 1 1 1 1 1 1 1 1 1 1 1 1 1 1 1 1 1 1 1 1 1 1 1 1 1 1 1 1 1 1 1 1 1 1 1 1 1 1 1 1 1 1 1 1 1 1 1 1 1 1 1 1 1 1 1 1 1 1 1 1 1 1 1 1 1 1 1 1 1 1 1 1 1 1 1 1 1 1 1 1 1 1 1 1 1 1 1 1 1 1 1 1 1 1 1 1 1 1 1 1 1 1 1 1 1 1 1 1 1 1 1 1 1 1 1 1 1 1 1 1 1 1 1 1 1 1 1 1 1 1 1 1 1 1 1 1 1 1 1 1 1 1 1 1 1 1 1 1 1 1 1 1 1 1 1 1 1 1 1 1 1 1 1 1 1 1 1 1 1 1 1 1 1 1 1 1 1 1 1 1 1 1 1 1 1 1 1 1 1 1 1 1 1 1 1 1 1 1 1 1 1 1 1 1 1 1 1 1 1 1 1 1 1 1 1 1 1 1 1 1 1 1 1 1 1 1 1 1 1 1 0 0 0 0 0 0 0 0 0 0 0 0 0 0 0 0 0 0 0 0 0 0 0 0 0 0 0 0 0 0 0 0 0 0 0 0 0 0 0 0 0 0 0 0 0 0 0 0 0 0 0 0 0 0 0 0 0 0 0 0 0 0 0 0 0 0 0 0 0 0 0 0 0 0 0 0 0 0 0 0 0 0 0 0 0 0 0 0 0 0 0 0 0 0 0 0 0 0 0 0 0 0 0 0 0 0 0 0 0 0 0 0 0 0 0 0 0 0 0 0 0 0 0 0 0 0 0 0 0 0 0 0 0 0 0 0 0 0 0 0 0 0 0 0 0 0 0 0 0 0 0 0 0 0 0 0 0 0 0 0 0 0 0 0 0 0 0 0 0 0 0 0 0 0 0 0 0 0 0 0 0 0 0 0 0 0 0 0 0 0 0 0 0
02/24/2023 22:34:48 - INFO - data - label: x (id = 5)
02/24/2023 22:34:48 - INFO - data - *** Example ***
02/24/2023 22:34:48 - INFO - data - tokens: [CLS] I ##mp ##roved trends in card ##iovascular complications among subjects with type 2 diabetes in Korea : a nationwide study ( 2006 - 2013 ) . [SEP] Order ##ed ##D ##ict ( [ ( ' @ Label ' , ' BA ##C ##K ##GR ##O ##UN ##D ' ) , ( ' # text ' , ' Representative data on the secular trends in card ##iovascular disease ( C ##VD ) are limited in Asian populations with diabetes . We aimed to estimate the temporal trends in card ##iovascular complications using Korean nationwide whole population - based claims data in subjects with and without diabetes . ' ) ] ) , Order ##ed ##D ##ict ( [ ( ' @ Label ' , ' ME ##TH ##OD ##S ' ) , ( ' # text ' , ' Type 2 diabetes was defined as a current medication history of anti - di ##abe ##tic drugs and the presence of International Classification of Disease ##s ( I ##CD ) - 10 codes ( E ##11 - E ##14 ) as diagnosis . We compared the 8 - year rates of six card ##iovascular complications [ i . e . , is ##che ##mic heart disease , acute my ##oc ##ard ##ial in ##far ##ction ( AM ##I ) , is ##che ##mic stroke , hem ##or ##r ##ha ##gic stroke , per ##cut ##aneous co ##rona ##ry intervention ( PC ##I ) , and co ##rona ##ry artery bypass g ##raft ( CA ##B ##G ) ] in Korean adults aged 30 \ x ##a ##0 ##ye ##ars and older using data from four consecutive nationwide databases ( 2006 - 2007 , 2008 - 2009 , 2010 - 2011 , and 2012 - 2013 ) of Korean national health insurance service . ' ) ] ) , Order ##ed ##D ##ict ( [ ( ' @ Label ' , ' R ##ES ##U ##LT ##S ' ) , ( ' # text ' , ' A total of 1 , 64 ##5 , 34 ##8 , 1 , 97 ##1 , 55 ##9 , 2 , 29 ##1 , 247 , and 2 , 56 ##2 , 61 ##2 subjects with type 2 diabetes were found in the year of 2006 - 2007 , 2008 - 2009 , 2010 - 2011 , and 2012 - 2013 , respectively . Age and gender standardized rates of the six pre ##de ##fine ##d card ##iovascular complications decreased in Korean adults with type 2 diabetes during the study period . The greatest relative reduction ##s were observed for hospital ##ization due to AM ##I ( - 37 . 28 % ) , followed by hospital ##izations due to is ##che ##mic stroke ( - 36 . 98 % ) . In the overall population without type 2 diabetes , the greatest relative reduction ##s were observed for hospital ##ization for hem ##or ##r ##ha ##gic stroke ( - 29 . 47 % ) , followed by hospital ##ization due to is ##che ##mic stroke [SEP]
02/24/2023 22:34:48 - INFO - data - input_ids: 101 146 8223 16011 14652 1107 3621 25575 13522 1621 5174 1114 2076 123 17972 1107 3577 131 170 9708 2025 113 1386 118 1381 114 119 102 2864 1174 2137 17882 113 164 113 112 137 20943 112 117 112 12465 1658 2428 27617 2346 27370 2137 112 114 117 113 112 108 3087 112 117 112 7725 2233 1113 1103 11393 14652 1107 3621 25575 3653 113 140 23935 114 1132 2609 1107 3141 6623 1114 17972 119 1284 5850 1106 10301 1103 18107 14652 1107 3621 25575 13522 1606 3947 9708 2006 1416 118 1359 3711 2233 1107 5174 1114 1105 1443 17972 119 112 114 166 114 117 2864 1174 2137 17882 113 164 113 112 137 20943 112 117 112 22157 24162 15609 1708 112 114 117 113 112 108 3087 112 117 112 6902 123 17972 1108 3393 1112 170 1954 15683 1607 1104 2848 118 4267 22377 2941 5557 1105 1103 2915 1104 1570 19295 1104 20012 1116 113 146 14107 114 118 1275 9812 113 142 14541 118 142 17175 114 1112 12645 119 1284 3402 1103 129 118 1214 5600 1104 1565 3621 25575 13522 164 178 119 174 119 117 1110 4386 7257 1762 3653 117 12104 1139 13335 2881 2916 1107 14794 5796 113 6586 2240 114 117 1110 4386 7257 6625 117 23123 1766 1197 2328 11007 6625 117 1679 12734 13064 1884 15789 1616 9108 113 7054 2240 114 117 1105 1884 15789 1616 18593 13981 176 15371 113 8784 2064 2349 114 166 1107 3947 6323 4079 1476 165 193 1161 1568 4980 7666 1105 2214 1606 2233 1121 1300 4776 9708 19908 113 1386 118 1384 117 1369 118 1371 117 1333 118 1349 117 1105 1368 118 1381 114 1104 3947 1569 2332 5986 1555 119 112 114 166 114 117 2864 1174 2137 17882 113 164 113 112 137 20943 112 117 112 155 9919 2591 26909 1708 112 114 117 113 112 108 3087 112 117 112 138 1703 1104 122 117 3324 1571 117 3236 1604 117 122 117 5311 1475 117 3731 1580 117 123 117 1853 1475 117 26049 117 1105 123 117 4376 1477 117 5391 1477 5174 1114 2076 123 17972 1127 1276 1107 1103 1214 1104 1386 118 1384 117 1369 118 1371 117 1333 118 1349 117 1105 1368 118 1381 117 3569 119 4936 1105 5772 18013 5600 1104 1103 1565 3073 2007 24191 1181 3621 25575 13522 10558 1107 3947 6323 1114 2076 123 17972 1219 1103 2025 1669 119 1109 4459 5236 7234 1116 1127 4379 1111 2704 2734 1496 1106 6586 2240 113 118 3413 119 1743 110 114 117 1723 1118 2704 20412 1496 1106 1110 4386 7257 6625 113 118 3164 119 5103 110 114 119 1130 1103 2905 1416 1443 2076 123 17972 117 1103 4459 5236 7234 1116 1127 4379 1111 2704 2734 1111 23123 1766 1197 2328 11007 6625 113 118 1853 119 3862 110 114 117 1723 1118 2704 2734 1496 1106 1110 4386 7257 6625 102
02/24/2023 22:34:48 - INFO - data - input_mask: 1 1 1 1 1 1 1 1 1 1 1 1 1 1 1 1 1 1 1 1 1 1 1 1 1 1 1 1 1 1 1 1 1 1 1 1 1 1 1 1 1 1 1 1 1 1 1 1 1 1 1 1 1 1 1 1 1 1 1 1 1 1 1 1 1 1 1 1 1 1 1 1 1 1 1 1 1 1 1 1 1 1 1 1 1 1 1 1 1 1 1 1 1 1 1 1 1 1 1 1 1 1 1 1 1 1 1 1 1 1 1 1 1 1 1 1 1 1 1 1 1 1 1 1 1 1 1 1 1 1 1 1 1 1 1 1 1 1 1 1 1 1 1 1 1 1 1 1 1 1 1 1 1 1 1 1 1 1 1 1 1 1 1 1 1 1 1 1 1 1 1 1 1 1 1 1 1 1 1 1 1 1 1 1 1 1 1 1 1 1 1 1 1 1 1 1 1 1 1 1 1 1 1 1 1 1 1 1 1 1 1 1 1 1 1 1 1 1 1 1 1 1 1 1 1 1 1 1 1 1 1 1 1 1 1 1 1 1 1 1 1 1 1 1 1 1 1 1 1 1 1 1 1 1 1 1 1 1 1 1 1 1 1 1 1 1 1 1 1 1 1 1 1 1 1 1 1 1 1 1 1 1 1 1 1 1 1 1 1 1 1 1 1 1 1 1 1 1 1 1 1 1 1 1 1 1 1 1 1 1 1 1 1 1 1 1 1 1 1 1 1 1 1 1 1 1 1 1 1 1 1 1 1 1 1 1 1 1 1 1 1 1 1 1 1 1 1 1 1 1 1 1 1 1 1 1 1 1 1 1 1 1 1 1 1 1 1 1 1 1 1 1 1 1 1 1 1 1 1 1 1 1 1 1 1 1 1 1 1 1 1 1 1 1 1 1 1 1 1 1 1 1 1 1 1 1 1 1 1 1 1 1 1 1 1 1 1 1 1 1 1 1 1 1 1 1 1 1 1 1 1 1 1 1 1 1 1 1 1 1 1 1 1 1 1 1 1 1 1 1 1 1 1 1 1 1 1 1 1 1 1 1 1 1 1 1 1 1 1 1 1 1 1 1 1 1 1 1 1 1 1 1 1 1 1 1 1 1 1 1 1 1 1 1 1 1 1 1 1 1 1 1 1 1 1 1 1 1 1 1 1 1
02/24/2023 22:34:48 - INFO - data - segment_ids: 0 0 0 0 0 0 0 0 0 0 0 0 0 0 0 0 0 0 0 0 0 0 0 0 0 0 0 1 1 1 1 1 1 1 1 1 1 1 1 1 1 1 1 1 1 1 1 1 1 1 1 1 1 1 1 1 1 1 1 1 1 1 1 1 1 1 1 1 1 1 1 1 1 1 1 1 1 1 1 1 1 1 1 1 1 1 1 1 1 1 1 1 1 1 1 1 1 1 1 1 1 1 1 1 1 1 1 1 1 1 1 1 1 1 1 1 1 1 1 1 1 1 1 1 1 1 1 1 1 1 1 1 1 1 1 1 1 1 1 1 1 1 1 1 1 1 1 1 1 1 1 1 1 1 1 1 1 1 1 1 1 1 1 1 1 1 1 1 1 1 1 1 1 1 1 1 1 1 1 1 1 1 1 1 1 1 1 1 1 1 1 1 1 1 1 1 1 1 1 1 1 1 1 1 1 1 1 1 1 1 1 1 1 1 1 1 1 1 1 1 1 1 1 1 1 1 1 1 1 1 1 1 1 1 1 1 1 1 1 1 1 1 1 1 1 1 1 1 1 1 1 1 1 1 1 1 1 1 1 1 1 1 1 1 1 1 1 1 1 1 1 1 1 1 1 1 1 1 1 1 1 1 1 1 1 1 1 1 1 1 1 1 1 1 1 1 1 1 1 1 1 1 1 1 1 1 1 1 1 1 1 1 1 1 1 1 1 1 1 1 1 1 1 1 1 1 1 1 1 1 1 1 1 1 1 1 1 1 1 1 1 1 1 1 1 1 1 1 1 1 1 1 1 1 1 1 1 1 1 1 1 1 1 1 1 1 1 1 1 1 1 1 1 1 1 1 1 1 1 1 1 1 1 1 1 1 1 1 1 1 1 1 1 1 1 1 1 1 1 1 1 1 1 1 1 1 1 1 1 1 1 1 1 1 1 1 1 1 1 1 1 1 1 1 1 1 1 1 1 1 1 1 1 1 1 1 1 1 1 1 1 1 1 1 1 1 1 1 1 1 1 1 1 1 1 1 1 1 1 1 1 1 1 1 1 1 1 1 1 1 1 1 1 1 1 1 1 1 1 1 1 1 1 1 1 1 1 1 1 1 1 1 1 1 1 1 1 1 1 1 1 1 1 1 1 1 1 1 1 1 1 1
02/24/2023 22:34:48 - INFO - data - label: diabetes (id = 1)
02/24/2023 22:35:02 - INFO - __main__ - ======================================================================
02/24/2023 22:35:02 - INFO - __main__ - ****** Test result ******   loss : 0.425, accuracy : 0.880
02/24/2023 22:35:02 - INFO - __main__ - Classification Report
02/24/2023 22:35:02 - INFO - __main__ - 
              precision    recall  f1-score   support

        bone       0.85      0.85      0.85        61
    diabetes       0.91      0.95      0.93       224
      others       0.55      0.58      0.56        38
pitu/adrenal       0.91      0.91      0.91        23
     thyroid       0.96      1.00      0.98        80
           x       0.87      0.79      0.83       139

    accuracy                           0.88       565
   macro avg       0.84      0.85      0.85       565
weighted avg       0.88      0.88      0.88       565


